<?xml version="1.0" encoding="UTF-8"?>
<coverage generated="1765716579953" clover="3.2.0">
  <project timestamp="1765716579953" name="All files">
    <metrics statements="201" coveredstatements="165" conditionals="100" coveredconditionals="76" methods="19" coveredmethods="16" elements="320" coveredelements="257" complexity="0" loc="201" ncloc="201" packages="7" files="8" classes="8"/>
    <package name="src">
      <metrics statements="10" coveredstatements="10" conditionals="0" coveredconditionals="0" methods="0" coveredmethods="0"/>
      <file name="app.js" path="E:\backend start\final project\product\src\app.js">
        <metrics statements="10" coveredstatements="10" conditionals="0" coveredconditionals="0" methods="0" coveredmethods="0"/>
        <line num="1" count="1" type="stmt"/>
        <line num="2" count="1" type="stmt"/>
        <line num="3" count="1" type="stmt"/>
        <line num="4" count="1" type="stmt"/>
        <line num="6" count="1" type="stmt"/>
        <line num="7" count="1" type="stmt"/>
        <line num="8" count="1" type="stmt"/>
        <line num="11" count="1" type="stmt"/>
        <line num="14" count="1" type="stmt"/>
        <line num="16" count="1" type="stmt"/>
      </file>
    </package>
    <package name="src.controller">
      <metrics statements="89" coveredstatements="72" conditionals="54" coveredconditionals="43" methods="9" coveredmethods="7"/>
      <file name="product.controller.js" path="E:\backend start\final project\product\src\controller\product.controller.js">
        <metrics statements="89" coveredstatements="72" conditionals="54" coveredconditionals="43" methods="9" coveredmethods="7"/>
        <line num="2" count="1" type="stmt"/>
        <line num="3" count="1" type="stmt"/>
        <line num="4" count="1" type="stmt"/>
        <line num="8" count="1" type="stmt"/>
        <line num="12" count="1" type="stmt"/>
        <line num="13" count="4" type="stmt"/>
        <line num="14" count="4" type="stmt"/>
        <line num="16" count="4" type="stmt"/>
        <line num="19" count="4" type="cond" truecount="2" falsecount="0"/>
        <line num="20" count="2" type="stmt"/>
        <line num="21" count="2" type="stmt"/>
        <line num="29" count="4" type="cond" truecount="4" falsecount="1"/>
        <line num="31" count="4" type="stmt"/>
        <line num="37" count="0" type="stmt"/>
        <line num="44" count="4" type="stmt"/>
        <line num="46" count="2" type="stmt"/>
        <line num="48" count="2" type="stmt"/>
        <line num="57" count="4" type="stmt"/>
        <line num="65" count="4" type="stmt"/>
        <line num="71" count="0" type="stmt"/>
        <line num="73" count="0" type="cond" truecount="0" falsecount="2"/>
        <line num="74" count="0" type="stmt"/>
        <line num="75" count="0" type="stmt"/>
        <line num="80" count="0" type="stmt"/>
        <line num="88" count="1" type="stmt"/>
        <line num="89" count="0" type="stmt"/>
        <line num="90" count="0" type="stmt"/>
        <line num="91" count="0" type="stmt"/>
        <line num="97" count="0" type="stmt"/>
        <line num="98" count="0" type="stmt"/>
        <line num="105" count="1" type="stmt"/>
        <line num="107" count="7" type="cond" truecount="2" falsecount="0"/>
        <line num="109" count="7" type="stmt"/>
        <line num="111" count="7" type="cond" truecount="2" falsecount="0"/>
        <line num="112" count="1" type="stmt"/>
        <line num="117" count="7" type="cond" truecount="2" falsecount="0"/>
        <line num="118" count="1" type="stmt"/>
        <line num="120" count="7" type="cond" truecount="2" falsecount="0"/>
        <line num="121" count="1" type="stmt"/>
        <line num="123" count="7" type="stmt"/>
        <line num="128" count="7" type="stmt"/>
        <line num="138" count="3" type="stmt"/>
        <line num="139" count="3" type="stmt"/>
        <line num="141" count="3" type="stmt"/>
        <line num="143" count="2" type="cond" truecount="2" falsecount="0"/>
        <line num="144" count="1" type="stmt"/>
        <line num="150" count="1" type="stmt"/>
        <line num="157" count="1" type="stmt"/>
        <line num="166" count="4" type="stmt"/>
        <line num="167" count="4" type="stmt"/>
        <line num="168" count="4" type="cond" truecount="2" falsecount="0"/>
        <line num="169" count="1" type="stmt"/>
        <line num="172" count="3" type="stmt"/>
        <line num="173" count="3" type="cond" truecount="2" falsecount="0"/>
        <line num="174" count="1" type="stmt"/>
        <line num="177" count="2" type="cond" truecount="1" falsecount="1"/>
        <line num="178" count="0" type="stmt"/>
        <line num="181" count="2" type="stmt"/>
        <line num="183" count="2" type="cond" truecount="2" falsecount="0"/>
        <line num="184" count="2" type="cond" truecount="2" falsecount="0"/>
        <line num="186" count="2" type="cond" truecount="2" falsecount="0"/>
        <line num="187" count="1" type="stmt"/>
        <line num="189" count="1" type="cond" truecount="1" falsecount="1"/>
        <line num="190" count="1" type="cond" truecount="1" falsecount="1"/>
        <line num="191" count="1" type="cond" truecount="1" falsecount="1"/>
        <line num="193" count="0" type="stmt"/>
        <line num="194" count="0" type="cond" truecount="0" falsecount="2"/>
        <line num="197" count="1" type="stmt"/>
        <line num="200" count="2" type="stmt"/>
        <line num="202" count="2" type="stmt"/>
        <line num="208" count="0" type="stmt"/>
        <line num="214" count="4" type="stmt"/>
        <line num="215" count="4" type="stmt"/>
        <line num="216" count="4" type="cond" truecount="2" falsecount="0"/>
        <line num="217" count="1" type="stmt"/>
        <line num="220" count="3" type="stmt"/>
        <line num="221" count="3" type="cond" truecount="2" falsecount="0"/>
        <line num="222" count="1" type="stmt"/>
        <line num="225" count="2" type="cond" truecount="2" falsecount="0"/>
        <line num="226" count="1" type="stmt"/>
        <line num="229" count="1" type="stmt"/>
        <line num="231" count="1" type="stmt"/>
        <line num="236" count="0" type="stmt"/>
        <line num="237" count="0" type="stmt"/>
        <line num="243" count="2" type="stmt"/>
        <line num="244" count="2" type="cond" truecount="2" falsecount="0"/>
        <line num="246" count="2" type="stmt"/>
        <line num="248" count="2" type="stmt"/>
        <line num="257" count="1" type="stmt"/>
      </file>
    </package>
    <package name="src.models">
      <metrics statements="4" coveredstatements="4" conditionals="0" coveredconditionals="0" methods="0" coveredmethods="0"/>
      <file name="product.model.js" path="E:\backend start\final project\product\src\models\product.model.js">
        <metrics statements="4" coveredstatements="4" conditionals="0" coveredconditionals="0" methods="0" coveredmethods="0"/>
        <line num="1" count="1" type="stmt"/>
        <line num="3" count="1" type="stmt"/>
        <line num="35" count="1" type="stmt"/>
        <line num="37" count="1" type="stmt"/>
      </file>
    </package>
    <package name="src.routes">
      <metrics statements="13" coveredstatements="13" conditionals="0" coveredconditionals="0" methods="0" coveredmethods="0"/>
      <file name="product.routes.js" path="E:\backend start\final project\product\src\routes\product.routes.js">
        <metrics statements="13" coveredstatements="13" conditionals="0" coveredconditionals="0" methods="0" coveredmethods="0"/>
        <line num="2" count="1" type="stmt"/>
        <line num="3" count="1" type="stmt"/>
        <line num="4" count="1" type="stmt"/>
        <line num="5" count="1" type="stmt"/>
        <line num="6" count="1" type="stmt"/>
        <line num="8" count="1" type="stmt"/>
        <line num="12" count="1" type="stmt"/>
        <line num="21" count="1" type="stmt"/>
        <line num="26" count="1" type="stmt"/>
        <line num="29" count="1" type="stmt"/>
        <line num="32" count="1" type="stmt"/>
        <line num="35" count="1" type="stmt"/>
        <line num="37" count="1" type="stmt"/>
      </file>
    </package>
    <package name="src.services">
      <metrics statements="40" coveredstatements="24" conditionals="16" coveredconditionals="7" methods="4" coveredmethods="3"/>
      <file name="imagekit.service.js" path="E:\backend start\final project\product\src\services\imagekit.service.js">
        <metrics statements="20" coveredstatements="9" conditionals="4" coveredconditionals="1" methods="2" coveredmethods="1"/>
        <line num="1" count="1" type="stmt"/>
        <line num="2" count="1" type="stmt"/>
        <line num="3" count="1" type="stmt"/>
        <line num="5" count="1" type="stmt"/>
        <line num="12" count="2" type="cond" truecount="1" falsecount="1"/>
        <line num="13" count="0" type="stmt"/>
        <line num="18" count="2" type="stmt"/>
        <line num="19" count="2" type="stmt"/>
        <line num="25" count="2" type="stmt"/>
        <line num="31" count="0" type="stmt"/>
        <line num="32" count="0" type="stmt"/>
        <line num="37" count="0" type="stmt"/>
        <line num="38" count="0" type="cond" truecount="0" falsecount="2"/>
        <line num="39" count="0" type="stmt"/>
        <line num="44" count="0" type="stmt"/>
        <line num="45" count="0" type="stmt"/>
        <line num="46" count="0" type="stmt"/>
        <line num="48" count="0" type="stmt"/>
        <line num="49" count="0" type="stmt"/>
        <line num="53" count="1" type="stmt"/>
      </file>
      <file name="upload.service.js" path="E:\backend start\final project\product\src\services\upload.service.js">
        <metrics statements="20" coveredstatements="15" conditionals="12" coveredconditionals="6" methods="2" coveredmethods="2"/>
        <line num="1" count="1" type="stmt"/>
        <line num="4" count="1" type="stmt"/>
        <line num="7" count="1" type="stmt"/>
        <line num="8" count="4" type="cond" truecount="2" falsecount="0"/>
        <line num="9" count="3" type="stmt"/>
        <line num="11" count="1" type="stmt"/>
        <line num="16" count="1" type="stmt"/>
        <line num="26" count="1" type="stmt"/>
        <line num="29" count="1" type="stmt"/>
        <line num="30" count="2" type="cond" truecount="2" falsecount="0"/>
        <line num="31" count="1" type="cond" truecount="1" falsecount="1"/>
        <line num="32" count="1" type="stmt"/>
        <line num="34" count="0" type="cond" truecount="0" falsecount="2"/>
        <line num="35" count="0" type="stmt"/>
        <line num="37" count="0" type="cond" truecount="0" falsecount="2"/>
        <line num="38" count="0" type="stmt"/>
        <line num="42" count="1" type="cond" truecount="1" falsecount="1"/>
        <line num="43" count="1" type="stmt"/>
        <line num="46" count="0" type="stmt"/>
        <line num="49" count="1" type="stmt"/>
      </file>
    </package>
    <package name="src.setup">
      <metrics statements="12" coveredstatements="12" conditionals="0" coveredconditionals="0" methods="2" coveredmethods="2"/>
      <file name="middleware.js" path="E:\backend start\final project\product\src\setup\middleware.js">
        <metrics statements="12" coveredstatements="12" conditionals="0" coveredconditionals="0" methods="2" coveredmethods="2"/>
        <line num="1" count="1" type="stmt"/>
        <line num="2" count="1" type="stmt"/>
        <line num="4" count="1" type="stmt"/>
        <line num="6" count="1" type="stmt"/>
        <line num="7" count="1" type="stmt"/>
        <line num="10" count="1" type="stmt"/>
        <line num="13" count="1" type="stmt"/>
        <line num="14" count="31" type="stmt"/>
        <line num="15" count="31" type="stmt"/>
        <line num="16" count="31" type="stmt"/>
        <line num="17" count="31" type="stmt"/>
        <line num="21" count="1" type="stmt"/>
      </file>
    </package>
    <package name="src.validators">
      <metrics statements="33" coveredstatements="30" conditionals="30" coveredconditionals="26" methods="4" coveredmethods="4"/>
      <file name="product.validator.js" path="E:\backend start\final project\product\src\validators\product.validator.js">
        <metrics statements="33" coveredstatements="30" conditionals="30" coveredconditionals="26" methods="4" coveredmethods="4"/>
        <line num="2" count="1" type="stmt"/>
        <line num="4" count="1" type="stmt"/>
        <line num="5" count="9" type="stmt"/>
        <line num="6" count="9" type="cond" truecount="2" falsecount="0"/>
        <line num="7" count="8" type="stmt"/>
        <line num="8" count="5" type="stmt"/>
        <line num="9" count="5" type="cond" truecount="2" falsecount="0"/>
        <line num="10" count="3" type="stmt"/>
        <line num="11" count="2" type="cond" truecount="2" falsecount="0"/>
        <line num="12" count="1" type="stmt"/>
        <line num="14" count="5" type="stmt"/>
        <line num="17" count="8" type="stmt"/>
        <line num="23" count="4" type="stmt"/>
        <line num="27" count="1" type="stmt"/>
        <line num="46" count="9" type="stmt"/>
        <line num="49" count="9" type="cond" truecount="2" falsecount="0"/>
        <line num="50" count="3" type="stmt"/>
        <line num="51" count="3" type="stmt"/>
        <line num="54" count="1" type="cond" truecount="1" falsecount="1"/>
        <line num="55" count="1" type="stmt"/>
        <line num="58" count="0" type="stmt"/>
        <line num="63" count="8" type="cond" truecount="4" falsecount="0"/>
        <line num="64" count="7" type="cond" truecount="4" falsecount="0"/>
        <line num="65" count="1" type="stmt"/>
        <line num="67" count="6" type="cond" truecount="3" falsecount="1"/>
        <line num="68" count="0" type="stmt"/>
        <line num="70" count="6" type="cond" truecount="4" falsecount="0"/>
        <line num="71" count="1" type="stmt"/>
        <line num="73" count="5" type="stmt"/>
        <line num="76" count="1" type="cond" truecount="2" falsecount="2"/>
        <line num="77" count="1" type="stmt"/>
        <line num="79" count="0" type="stmt"/>
        <line num="90" count="1" type="stmt"/>
      </file>
    </package>
  </project>
</coverage>
