{"E:\\backend start\\final project\\product\\src\\app.js": {"path":"E:\\backend start\\final project\\product\\src\\app.js","statementMap":{"0":{"start":{"line":1,"column":16},"end":{"line":1,"column":34}},"1":{"start":{"line":2,"column":21},"end":{"line":2,"column":45}},"2":{"start":{"line":3,"column":28},"end":{"line":3,"column":57}},"3":{"start":{"line":4,"column":22},"end":{"line":4,"column":56}},"4":{"start":{"line":6,"column":12},"end":{"line":6,"column":21}},"5":{"start":{"line":7,"column":0},"end":{"line":7,"column":23}},"6":{"start":{"line":8,"column":0},"end":{"line":8,"column":23}},"7":{"start":{"line":11,"column":0},"end":{"line":11,"column":20}},"8":{"start":{"line":14,"column":0},"end":{"line":14,"column":39}},"9":{"start":{"line":16,"column":0},"end":{"line":16,"column":20}}},"fnMap":{},"branchMap":{},"s":{"0":1,"1":1,"2":1,"3":1,"4":1,"5":1,"6":1,"7":1,"8":1,"9":1},"f":{},"b":{},"_coverageSchema":"1a1c01bbd47fc00a2c39e90264f33305004495a9","hash":"819ddcaaeccecf96723017c5757c615d6a323221"}
,"E:\\backend start\\final project\\product\\src\\controller\\product.controller.js": {"path":"E:\\backend start\\final project\\product\\src\\controller\\product.controller.js","statementMap":{"0":{"start":{"line":2,"column":16},"end":{"line":2,"column":50}},"1":{"start":{"line":3,"column":17},"end":{"line":3,"column":36}},"2":{"start":{"line":4,"column":24},"end":{"line":4,"column":63}},"3":{"start":{"line":8,"column":4},"end":{"line":8,"column":41}},"4":{"start":{"line":12,"column":22},"end":{"line":86,"column":1}},"5":{"start":{"line":13,"column":2},"end":{"line":85,"column":3}},"6":{"start":{"line":14,"column":62},"end":{"line":14,"column":70}},"7":{"start":{"line":16,"column":19},"end":{"line":16,"column":30}},"8":{"start":{"line":19,"column":4},"end":{"line":25,"column":5}},"9":{"start":{"line":20,"column":6},"end":{"line":24,"column":7}},"10":{"start":{"line":21,"column":8},"end":{"line":21,"column":34}},"11":{"start":{"line":29,"column":4},"end":{"line":41,"column":5}},"12":{"start":{"line":31,"column":6},"end":{"line":34,"column":8}},"13":{"start":{"line":37,"column":6},"end":{"line":40,"column":8}},"14":{"start":{"line":44,"column":17},"end":{"line":54,"column":5}},"15":{"start":{"line":46,"column":29},"end":{"line":46,"column":75}},"16":{"start":{"line":48,"column":8},"end":{"line":52,"column":10}},"17":{"start":{"line":57,"column":20},"end":{"line":64,"column":6}},"18":{"start":{"line":66,"column":4},"end":{"line":70,"column":7}},"19":{"start":{"line":72,"column":4},"end":{"line":72,"column":52}},"20":{"start":{"line":74,"column":4},"end":{"line":80,"column":5}},"21":{"start":{"line":75,"column":21},"end":{"line":75,"column":72}},"22":{"start":{"line":75,"column":60},"end":{"line":75,"column":71}},"23":{"start":{"line":76,"column":6},"end":{"line":79,"column":9}},"24":{"start":{"line":81,"column":4},"end":{"line":84,"column":7}},"25":{"start":{"line":89,"column":23},"end":{"line":104,"column":1}},"26":{"start":{"line":90,"column":2},"end":{"line":103,"column":3}},"27":{"start":{"line":91,"column":21},"end":{"line":91,"column":41}},"28":{"start":{"line":92,"column":4},"end":{"line":96,"column":7}},"29":{"start":{"line":98,"column":4},"end":{"line":98,"column":48}},"30":{"start":{"line":99,"column":4},"end":{"line":102,"column":7}},"31":{"start":{"line":106,"column":20},"end":{"line":135,"column":1}},"32":{"start":{"line":108,"column":56},"end":{"line":108,"column":65}},"33":{"start":{"line":110,"column":17},"end":{"line":110,"column":19}},"34":{"start":{"line":112,"column":2},"end":{"line":117,"column":3}},"35":{"start":{"line":113,"column":4},"end":{"line":116,"column":6}},"36":{"start":{"line":118,"column":2},"end":{"line":120,"column":3}},"37":{"start":{"line":119,"column":4},"end":{"line":119,"column":81}},"38":{"start":{"line":121,"column":2},"end":{"line":123,"column":3}},"39":{"start":{"line":122,"column":4},"end":{"line":122,"column":81}},"40":{"start":{"line":124,"column":19},"end":{"line":127,"column":39}},"41":{"start":{"line":129,"column":4},"end":{"line":133,"column":7}},"42":{"start":{"line":139,"column":2},"end":{"line":162,"column":3}},"43":{"start":{"line":140,"column":19},"end":{"line":140,"column":29}},"44":{"start":{"line":142,"column":20},"end":{"line":142,"column":46}},"45":{"start":{"line":144,"column":4},"end":{"line":149,"column":5}},"46":{"start":{"line":145,"column":6},"end":{"line":148,"column":9}},"47":{"start":{"line":151,"column":4},"end":{"line":155,"column":7}},"48":{"start":{"line":158,"column":4},"end":{"line":161,"column":7}},"49":{"start":{"line":167,"column":2},"end":{"line":211,"column":3}},"50":{"start":{"line":168,"column":19},"end":{"line":168,"column":29}},"51":{"start":{"line":169,"column":4},"end":{"line":171,"column":5}},"52":{"start":{"line":170,"column":6},"end":{"line":170,"column":85}},"53":{"start":{"line":173,"column":20},"end":{"line":173,"column":46}},"54":{"start":{"line":174,"column":4},"end":{"line":176,"column":5}},"55":{"start":{"line":175,"column":6},"end":{"line":175,"column":84}},"56":{"start":{"line":178,"column":4},"end":{"line":180,"column":5}},"57":{"start":{"line":179,"column":6},"end":{"line":179,"column":78}},"58":{"start":{"line":182,"column":49},"end":{"line":182,"column":57}},"59":{"start":{"line":184,"column":4},"end":{"line":184,"column":37}},"60":{"start":{"line":184,"column":15},"end":{"line":184,"column":37}},"61":{"start":{"line":185,"column":4},"end":{"line":185,"column":55}},"62":{"start":{"line":185,"column":21},"end":{"line":185,"column":55}},"63":{"start":{"line":186,"column":4},"end":{"line":186,"column":59}},"64":{"start":{"line":186,"column":29},"end":{"line":186,"column":59}},"65":{"start":{"line":188,"column":4},"end":{"line":200,"column":5}},"66":{"start":{"line":189,"column":33},"end":{"line":189,"column":46}},"67":{"start":{"line":191,"column":6},"end":{"line":197,"column":7}},"68":{"start":{"line":192,"column":8},"end":{"line":192,"column":70}},"69":{"start":{"line":192,"column":40},"end":{"line":192,"column":70}},"70":{"start":{"line":193,"column":8},"end":{"line":193,"column":54}},"71":{"start":{"line":193,"column":28},"end":{"line":193,"column":54}},"72":{"start":{"line":195,"column":23},"end":{"line":195,"column":36}},"73":{"start":{"line":196,"column":8},"end":{"line":196,"column":44}},"74":{"start":{"line":196,"column":28},"end":{"line":196,"column":44}},"75":{"start":{"line":199,"column":6},"end":{"line":199,"column":43}},"76":{"start":{"line":202,"column":4},"end":{"line":202,"column":25}},"77":{"start":{"line":204,"column":4},"end":{"line":208,"column":7}},"78":{"start":{"line":210,"column":4},"end":{"line":210,"column":25}},"79":{"start":{"line":216,"column":2},"end":{"line":240,"column":3}},"80":{"start":{"line":217,"column":19},"end":{"line":217,"column":29}},"81":{"start":{"line":218,"column":4},"end":{"line":220,"column":5}},"82":{"start":{"line":219,"column":6},"end":{"line":219,"column":85}},"83":{"start":{"line":222,"column":20},"end":{"line":222,"column":46}},"84":{"start":{"line":223,"column":4},"end":{"line":225,"column":5}},"85":{"start":{"line":224,"column":6},"end":{"line":224,"column":84}},"86":{"start":{"line":227,"column":4},"end":{"line":229,"column":5}},"87":{"start":{"line":228,"column":6},"end":{"line":228,"column":115}},"88":{"start":{"line":231,"column":4},"end":{"line":231,"column":40}},"89":{"start":{"line":233,"column":4},"end":{"line":236,"column":7}},"90":{"start":{"line":238,"column":4},"end":{"line":238,"column":25}},"91":{"start":{"line":239,"column":4},"end":{"line":239,"column":89}},"92":{"start":{"line":245,"column":17},"end":{"line":245,"column":25}},"93":{"start":{"line":246,"column":35},"end":{"line":246,"column":44}},"94":{"start":{"line":248,"column":19},"end":{"line":248,"column":105}},"95":{"start":{"line":250,"column":2},"end":{"line":254,"column":4}},"96":{"start":{"line":259,"column":0},"end":{"line":267,"column":2}}},"fnMap":{"0":{"name":"(anonymous_0)","decl":{"start":{"line":12,"column":22},"end":{"line":12,"column":23}},"loc":{"start":{"line":12,"column":42},"end":{"line":86,"column":1}},"line":12},"1":{"name":"(anonymous_1)","decl":{"start":{"line":45,"column":28},"end":{"line":45,"column":29}},"loc":{"start":{"line":45,"column":44},"end":{"line":53,"column":7}},"line":45},"2":{"name":"(anonymous_2)","decl":{"start":{"line":75,"column":53},"end":{"line":75,"column":54}},"loc":{"start":{"line":75,"column":60},"end":{"line":75,"column":71}},"line":75},"3":{"name":"(anonymous_3)","decl":{"start":{"line":89,"column":23},"end":{"line":89,"column":24}},"loc":{"start":{"line":89,"column":43},"end":{"line":104,"column":1}},"line":89},"4":{"name":"(anonymous_4)","decl":{"start":{"line":106,"column":20},"end":{"line":106,"column":21}},"loc":{"start":{"line":106,"column":39},"end":{"line":135,"column":1}},"line":106},"5":{"name":"getProductById","decl":{"start":{"line":138,"column":15},"end":{"line":138,"column":29}},"loc":{"start":{"line":138,"column":40},"end":{"line":163,"column":1}},"line":138},"6":{"name":"updateProduct","decl":{"start":{"line":166,"column":15},"end":{"line":166,"column":28}},"loc":{"start":{"line":166,"column":39},"end":{"line":212,"column":1}},"line":166},"7":{"name":"deleteProduct","decl":{"start":{"line":215,"column":15},"end":{"line":215,"column":28}},"loc":{"start":{"line":215,"column":39},"end":{"line":241,"column":1}},"line":215},"8":{"name":"getProductsBySeller","decl":{"start":{"line":243,"column":15},"end":{"line":243,"column":34}},"loc":{"start":{"line":243,"column":44},"end":{"line":255,"column":1}},"line":243}},"branchMap":{"0":{"loc":{"start":{"line":19,"column":4},"end":{"line":25,"column":5}},"type":"if","locations":[{"start":{"line":19,"column":4},"end":{"line":25,"column":5}},{"start":{},"end":{}}],"line":19},"1":{"loc":{"start":{"line":29,"column":4},"end":{"line":41,"column":5}},"type":"if","locations":[{"start":{"line":29,"column":4},"end":{"line":41,"column":5}},{"start":{"line":35,"column":11},"end":{"line":41,"column":5}}],"line":29},"2":{"loc":{"start":{"line":29,"column":8},"end":{"line":29,"column":81}},"type":"binary-expr","locations":[{"start":{"line":29,"column":8},"end":{"line":29,"column":33}},{"start":{"line":29,"column":37},"end":{"line":29,"column":51}},{"start":{"line":29,"column":55},"end":{"line":29,"column":81}}],"line":29},"3":{"loc":{"start":{"line":33,"column":18},"end":{"line":33,"column":58}},"type":"binary-expr","locations":[{"start":{"line":33,"column":18},"end":{"line":33,"column":32}},{"start":{"line":33,"column":36},"end":{"line":33,"column":49}},{"start":{"line":33,"column":53},"end":{"line":33,"column":58}}],"line":33},"4":{"loc":{"start":{"line":39,"column":18},"end":{"line":39,"column":40}},"type":"binary-expr","locations":[{"start":{"line":39,"column":18},"end":{"line":39,"column":31}},{"start":{"line":39,"column":35},"end":{"line":39,"column":40}}],"line":39},"5":{"loc":{"start":{"line":45,"column":7},"end":{"line":45,"column":22}},"type":"binary-expr","locations":[{"start":{"line":45,"column":7},"end":{"line":45,"column":16}},{"start":{"line":45,"column":20},"end":{"line":45,"column":22}}],"line":45},"6":{"loc":{"start":{"line":63,"column":13},"end":{"line":63,"column":38}},"type":"cond-expr","locations":[{"start":{"line":63,"column":21},"end":{"line":63,"column":34}},{"start":{"line":63,"column":37},"end":{"line":63,"column":38}}],"line":63},"7":{"loc":{"start":{"line":74,"column":4},"end":{"line":80,"column":5}},"type":"if","locations":[{"start":{"line":74,"column":4},"end":{"line":80,"column":5}},{"start":{},"end":{}}],"line":74},"8":{"loc":{"start":{"line":108,"column":32},"end":{"line":108,"column":40}},"type":"default-arg","locations":[{"start":{"line":108,"column":39},"end":{"line":108,"column":40}}],"line":108},"9":{"loc":{"start":{"line":108,"column":42},"end":{"line":108,"column":52}},"type":"default-arg","locations":[{"start":{"line":108,"column":50},"end":{"line":108,"column":52}}],"line":108},"10":{"loc":{"start":{"line":112,"column":2},"end":{"line":117,"column":3}},"type":"if","locations":[{"start":{"line":112,"column":2},"end":{"line":117,"column":3}},{"start":{},"end":{}}],"line":112},"11":{"loc":{"start":{"line":118,"column":2},"end":{"line":120,"column":3}},"type":"if","locations":[{"start":{"line":118,"column":2},"end":{"line":120,"column":3}},{"start":{},"end":{}}],"line":118},"12":{"loc":{"start":{"line":121,"column":2},"end":{"line":123,"column":3}},"type":"if","locations":[{"start":{"line":121,"column":2},"end":{"line":123,"column":3}},{"start":{},"end":{}}],"line":121},"13":{"loc":{"start":{"line":144,"column":4},"end":{"line":149,"column":5}},"type":"if","locations":[{"start":{"line":144,"column":4},"end":{"line":149,"column":5}},{"start":{},"end":{}}],"line":144},"14":{"loc":{"start":{"line":169,"column":4},"end":{"line":171,"column":5}},"type":"if","locations":[{"start":{"line":169,"column":4},"end":{"line":171,"column":5}},{"start":{},"end":{}}],"line":169},"15":{"loc":{"start":{"line":174,"column":4},"end":{"line":176,"column":5}},"type":"if","locations":[{"start":{"line":174,"column":4},"end":{"line":176,"column":5}},{"start":{},"end":{}}],"line":174},"16":{"loc":{"start":{"line":178,"column":4},"end":{"line":180,"column":5}},"type":"if","locations":[{"start":{"line":178,"column":4},"end":{"line":180,"column":5}},{"start":{},"end":{}}],"line":178},"17":{"loc":{"start":{"line":184,"column":4},"end":{"line":184,"column":37}},"type":"if","locations":[{"start":{"line":184,"column":4},"end":{"line":184,"column":37}},{"start":{},"end":{}}],"line":184},"18":{"loc":{"start":{"line":185,"column":4},"end":{"line":185,"column":55}},"type":"if","locations":[{"start":{"line":185,"column":4},"end":{"line":185,"column":55}},{"start":{},"end":{}}],"line":185},"19":{"loc":{"start":{"line":186,"column":4},"end":{"line":186,"column":59}},"type":"if","locations":[{"start":{"line":186,"column":4},"end":{"line":186,"column":59}},{"start":{},"end":{}}],"line":186},"20":{"loc":{"start":{"line":188,"column":4},"end":{"line":200,"column":5}},"type":"if","locations":[{"start":{"line":188,"column":4},"end":{"line":200,"column":5}},{"start":{},"end":{}}],"line":188},"21":{"loc":{"start":{"line":191,"column":6},"end":{"line":197,"column":7}},"type":"if","locations":[{"start":{"line":191,"column":6},"end":{"line":197,"column":7}},{"start":{"line":194,"column":13},"end":{"line":197,"column":7}}],"line":191},"22":{"loc":{"start":{"line":192,"column":8},"end":{"line":192,"column":70}},"type":"if","locations":[{"start":{"line":192,"column":8},"end":{"line":192,"column":70}},{"start":{},"end":{}}],"line":192},"23":{"loc":{"start":{"line":193,"column":8},"end":{"line":193,"column":54}},"type":"if","locations":[{"start":{"line":193,"column":8},"end":{"line":193,"column":54}},{"start":{},"end":{}}],"line":193},"24":{"loc":{"start":{"line":196,"column":8},"end":{"line":196,"column":44}},"type":"if","locations":[{"start":{"line":196,"column":8},"end":{"line":196,"column":44}},{"start":{},"end":{}}],"line":196},"25":{"loc":{"start":{"line":218,"column":4},"end":{"line":220,"column":5}},"type":"if","locations":[{"start":{"line":218,"column":4},"end":{"line":220,"column":5}},{"start":{},"end":{}}],"line":218},"26":{"loc":{"start":{"line":223,"column":4},"end":{"line":225,"column":5}},"type":"if","locations":[{"start":{"line":223,"column":4},"end":{"line":225,"column":5}},{"start":{},"end":{}}],"line":223},"27":{"loc":{"start":{"line":227,"column":4},"end":{"line":229,"column":5}},"type":"if","locations":[{"start":{"line":227,"column":4},"end":{"line":229,"column":5}},{"start":{},"end":{}}],"line":227},"28":{"loc":{"start":{"line":246,"column":10},"end":{"line":246,"column":18}},"type":"default-arg","locations":[{"start":{"line":246,"column":17},"end":{"line":246,"column":18}}],"line":246},"29":{"loc":{"start":{"line":246,"column":20},"end":{"line":246,"column":30}},"type":"default-arg","locations":[{"start":{"line":246,"column":28},"end":{"line":246,"column":30}}],"line":246}},"s":{"0":1,"1":1,"2":1,"3":1,"4":1,"5":4,"6":4,"7":4,"8":4,"9":2,"10":2,"11":4,"12":4,"13":0,"14":4,"15":2,"16":2,"17":4,"18":4,"19":0,"20":0,"21":0,"22":0,"23":0,"24":0,"25":1,"26":0,"27":0,"28":0,"29":0,"30":0,"31":1,"32":7,"33":7,"34":7,"35":1,"36":7,"37":1,"38":7,"39":1,"40":7,"41":7,"42":4,"43":4,"44":4,"45":3,"46":1,"47":2,"48":1,"49":4,"50":4,"51":4,"52":1,"53":3,"54":3,"55":1,"56":2,"57":0,"58":2,"59":2,"60":1,"61":2,"62":1,"63":2,"64":0,"65":2,"66":1,"67":1,"68":1,"69":1,"70":1,"71":1,"72":0,"73":0,"74":0,"75":1,"76":2,"77":2,"78":0,"79":4,"80":4,"81":4,"82":1,"83":3,"84":3,"85":1,"86":2,"87":1,"88":1,"89":1,"90":0,"91":0,"92":2,"93":2,"94":2,"95":2,"96":1},"f":{"0":4,"1":2,"2":0,"3":0,"4":7,"5":4,"6":4,"7":4,"8":2},"b":{"0":[2,2],"1":[4,0],"2":[4,4,4],"3":[4,1,1],"4":[0,0],"5":[4,2],"6":[0,4],"7":[0,0],"8":[6],"9":[5],"10":[1,6],"11":[1,6],"12":[1,6],"13":[1,2],"14":[1,3],"15":[1,2],"16":[0,2],"17":[1,1],"18":[1,1],"19":[0,2],"20":[1,1],"21":[1,0],"22":[1,0],"23":[1,0],"24":[0,0],"25":[1,3],"26":[1,2],"27":[1,1],"28":[2],"29":[2]},"_coverageSchema":"1a1c01bbd47fc00a2c39e90264f33305004495a9","hash":"93489b28467f83a71e7d93da0c1b45e82d75e020"}
,"E:\\backend start\\final project\\product\\src\\models\\product.model.js": {"path":"E:\\backend start\\final project\\product\\src\\models\\product.model.js","statementMap":{"0":{"start":{"line":1,"column":17},"end":{"line":1,"column":36}},"1":{"start":{"line":3,"column":22},"end":{"line":37,"column":2}},"2":{"start":{"line":39,"column":0},"end":{"line":39,"column":60}},"3":{"start":{"line":41,"column":0},"end":{"line":41,"column":58}}},"fnMap":{},"branchMap":{},"s":{"0":1,"1":1,"2":1,"3":1},"f":{},"b":{},"_coverageSchema":"1a1c01bbd47fc00a2c39e90264f33305004495a9","hash":"423b243b680f6df76d0c08c2f20e167582302925"}
,"E:\\backend start\\final project\\product\\src\\routes\\product.routes.js": {"path":"E:\\backend start\\final project\\product\\src\\routes\\product.routes.js","statementMap":{"0":{"start":{"line":2,"column":16},"end":{"line":2,"column":34}},"1":{"start":{"line":3,"column":26},"end":{"line":3,"column":69}},"2":{"start":{"line":4,"column":29},"end":{"line":4,"column":69}},"3":{"start":{"line":5,"column":34},"end":{"line":5,"column":76}},"4":{"start":{"line":6,"column":44},"end":{"line":6,"column":81}},"5":{"start":{"line":8,"column":15},"end":{"line":8,"column":31}},"6":{"start":{"line":12,"column":0},"end":{"line":19,"column":2}},"7":{"start":{"line":21,"column":0},"end":{"line":21,"column":47}},"8":{"start":{"line":25,"column":0},"end":{"line":25,"column":88}},"9":{"start":{"line":28,"column":0},"end":{"line":28,"column":89}},"10":{"start":{"line":31,"column":0},"end":{"line":31,"column":95}},"11":{"start":{"line":34,"column":0},"end":{"line":34,"column":53}},"12":{"start":{"line":36,"column":0},"end":{"line":36,"column":24}}},"fnMap":{},"branchMap":{},"s":{"0":1,"1":1,"2":1,"3":1,"4":1,"5":1,"6":1,"7":1,"8":1,"9":1,"10":1,"11":1,"12":1},"f":{},"b":{},"_coverageSchema":"1a1c01bbd47fc00a2c39e90264f33305004495a9","hash":"be8aeb046e8d8e06abf923b4caabff88c6095e0e"}
,"E:\\backend start\\final project\\product\\src\\services\\imagekit.service.js": {"path":"E:\\backend start\\final project\\product\\src\\services\\imagekit.service.js","statementMap":{"0":{"start":{"line":1,"column":17},"end":{"line":1,"column":36}},"1":{"start":{"line":2,"column":0},"end":{"line":2,"column":27}},"2":{"start":{"line":3,"column":23},"end":{"line":3,"column":38}},"3":{"start":{"line":5,"column":17},"end":{"line":9,"column":2}},"4":{"start":{"line":12,"column":2},"end":{"line":16,"column":3}},"5":{"start":{"line":13,"column":4},"end":{"line":15,"column":6}},"6":{"start":{"line":18,"column":2},"end":{"line":33,"column":3}},"7":{"start":{"line":19,"column":19},"end":{"line":23,"column":6}},"8":{"start":{"line":25,"column":4},"end":{"line":29,"column":6}},"9":{"start":{"line":31,"column":4},"end":{"line":31,"column":51}},"10":{"start":{"line":32,"column":4},"end":{"line":32,"column":46}},"11":{"start":{"line":37,"column":17},"end":{"line":37,"column":29}},"12":{"start":{"line":38,"column":2},"end":{"line":42,"column":3}},"13":{"start":{"line":39,"column":4},"end":{"line":41,"column":6}},"14":{"start":{"line":44,"column":2},"end":{"line":50,"column":3}},"15":{"start":{"line":45,"column":4},"end":{"line":45,"column":36}},"16":{"start":{"line":46,"column":4},"end":{"line":46,"column":16}},"17":{"start":{"line":48,"column":4},"end":{"line":48,"column":51}},"18":{"start":{"line":49,"column":4},"end":{"line":49,"column":46}},"19":{"start":{"line":53,"column":0},"end":{"line":56,"column":2}}},"fnMap":{"0":{"name":"uploadImage","decl":{"start":{"line":11,"column":15},"end":{"line":11,"column":26}},"loc":{"start":{"line":11,"column":45},"end":{"line":34,"column":1}},"line":11},"1":{"name":"deleteImage","decl":{"start":{"line":36,"column":15},"end":{"line":36,"column":26}},"loc":{"start":{"line":36,"column":35},"end":{"line":51,"column":1}},"line":36}},"branchMap":{"0":{"loc":{"start":{"line":12,"column":2},"end":{"line":16,"column":3}},"type":"if","locations":[{"start":{"line":12,"column":2},"end":{"line":16,"column":3}},{"start":{},"end":{}}],"line":12},"1":{"loc":{"start":{"line":38,"column":2},"end":{"line":42,"column":3}},"type":"if","locations":[{"start":{"line":38,"column":2},"end":{"line":42,"column":3}},{"start":{},"end":{}}],"line":38}},"s":{"0":1,"1":1,"2":1,"3":1,"4":2,"5":0,"6":2,"7":2,"8":2,"9":0,"10":0,"11":0,"12":0,"13":0,"14":0,"15":0,"16":0,"17":0,"18":0,"19":1},"f":{"0":2,"1":0},"b":{"0":[0,2],"1":[0,0]},"_coverageSchema":"1a1c01bbd47fc00a2c39e90264f33305004495a9","hash":"ac1e8731649bc3edcc75d5cfef9efb39a6d01990"}
,"E:\\backend start\\final project\\product\\src\\services\\upload.service.js": {"path":"E:\\backend start\\final project\\product\\src\\services\\upload.service.js","statementMap":{"0":{"start":{"line":1,"column":15},"end":{"line":1,"column":32}},"1":{"start":{"line":4,"column":16},"end":{"line":4,"column":38}},"2":{"start":{"line":7,"column":19},"end":{"line":13,"column":1}},"3":{"start":{"line":8,"column":2},"end":{"line":12,"column":3}},"4":{"start":{"line":9,"column":4},"end":{"line":9,"column":19}},"5":{"start":{"line":11,"column":4},"end":{"line":11,"column":57}},"6":{"start":{"line":16,"column":15},"end":{"line":23,"column":2}},"7":{"start":{"line":26,"column":21},"end":{"line":26,"column":46}},"8":{"start":{"line":29,"column":26},"end":{"line":47,"column":1}},"9":{"start":{"line":30,"column":2},"end":{"line":40,"column":3}},"10":{"start":{"line":31,"column":4},"end":{"line":33,"column":5}},"11":{"start":{"line":32,"column":6},"end":{"line":32,"column":107}},"12":{"start":{"line":34,"column":4},"end":{"line":36,"column":5}},"13":{"start":{"line":35,"column":6},"end":{"line":35,"column":105}},"14":{"start":{"line":37,"column":4},"end":{"line":39,"column":5}},"15":{"start":{"line":38,"column":6},"end":{"line":38,"column":103}},"16":{"start":{"line":42,"column":2},"end":{"line":44,"column":3}},"17":{"start":{"line":43,"column":4},"end":{"line":43,"column":92}},"18":{"start":{"line":46,"column":2},"end":{"line":46,"column":14}},"19":{"start":{"line":49,"column":0},"end":{"line":52,"column":2}}},"fnMap":{"0":{"name":"(anonymous_0)","decl":{"start":{"line":7,"column":19},"end":{"line":7,"column":20}},"loc":{"start":{"line":7,"column":38},"end":{"line":13,"column":1}},"line":7},"1":{"name":"(anonymous_1)","decl":{"start":{"line":29,"column":26},"end":{"line":29,"column":27}},"loc":{"start":{"line":29,"column":53},"end":{"line":47,"column":1}},"line":29}},"branchMap":{"0":{"loc":{"start":{"line":8,"column":2},"end":{"line":12,"column":3}},"type":"if","locations":[{"start":{"line":8,"column":2},"end":{"line":12,"column":3}},{"start":{"line":10,"column":9},"end":{"line":12,"column":3}}],"line":8},"1":{"loc":{"start":{"line":30,"column":2},"end":{"line":40,"column":3}},"type":"if","locations":[{"start":{"line":30,"column":2},"end":{"line":40,"column":3}},{"start":{},"end":{}}],"line":30},"2":{"loc":{"start":{"line":31,"column":4},"end":{"line":33,"column":5}},"type":"if","locations":[{"start":{"line":31,"column":4},"end":{"line":33,"column":5}},{"start":{},"end":{}}],"line":31},"3":{"loc":{"start":{"line":34,"column":4},"end":{"line":36,"column":5}},"type":"if","locations":[{"start":{"line":34,"column":4},"end":{"line":36,"column":5}},{"start":{},"end":{}}],"line":34},"4":{"loc":{"start":{"line":37,"column":4},"end":{"line":39,"column":5}},"type":"if","locations":[{"start":{"line":37,"column":4},"end":{"line":39,"column":5}},{"start":{},"end":{}}],"line":37},"5":{"loc":{"start":{"line":42,"column":2},"end":{"line":44,"column":3}},"type":"if","locations":[{"start":{"line":42,"column":2},"end":{"line":44,"column":3}},{"start":{},"end":{}}],"line":42}},"s":{"0":1,"1":1,"2":1,"3":4,"4":3,"5":1,"6":1,"7":1,"8":1,"9":2,"10":1,"11":1,"12":0,"13":0,"14":0,"15":0,"16":1,"17":1,"18":0,"19":1},"f":{"0":4,"1":2},"b":{"0":[3,1],"1":[1,1],"2":[1,0],"3":[0,0],"4":[0,0],"5":[1,0]},"_coverageSchema":"1a1c01bbd47fc00a2c39e90264f33305004495a9","hash":"a81909f0e7fb5db8981af159f4c6ea26ba0025c0"}
,"E:\\backend start\\final project\\product\\src\\setup\\middleware.js": {"path":"E:\\backend start\\final project\\product\\src\\setup\\middleware.js","statementMap":{"0":{"start":{"line":1,"column":16},"end":{"line":1,"column":34}},"1":{"start":{"line":2,"column":21},"end":{"line":2,"column":45}},"2":{"start":{"line":4,"column":24},"end":{"line":19,"column":1}},"3":{"start":{"line":6,"column":2},"end":{"line":6,"column":26}},"4":{"start":{"line":7,"column":2},"end":{"line":7,"column":50}},"5":{"start":{"line":10,"column":2},"end":{"line":10,"column":26}},"6":{"start":{"line":13,"column":2},"end":{"line":18,"column":5}},"7":{"start":{"line":14,"column":4},"end":{"line":14,"column":51}},"8":{"start":{"line":15,"column":4},"end":{"line":15,"column":82}},"9":{"start":{"line":16,"column":4},"end":{"line":16,"column":112}},"10":{"start":{"line":17,"column":4},"end":{"line":17,"column":11}},"11":{"start":{"line":21,"column":0},"end":{"line":21,"column":37}}},"fnMap":{"0":{"name":"(anonymous_0)","decl":{"start":{"line":4,"column":24},"end":{"line":4,"column":25}},"loc":{"start":{"line":4,"column":33},"end":{"line":19,"column":1}},"line":4},"1":{"name":"(anonymous_1)","decl":{"start":{"line":13,"column":10},"end":{"line":13,"column":11}},"loc":{"start":{"line":13,"column":30},"end":{"line":18,"column":3}},"line":13}},"branchMap":{},"s":{"0":1,"1":1,"2":1,"3":1,"4":1,"5":1,"6":1,"7":32,"8":32,"9":32,"10":32,"11":1},"f":{"0":1,"1":32},"b":{},"_coverageSchema":"1a1c01bbd47fc00a2c39e90264f33305004495a9","hash":"a60fdc265e6c6498e92e78def47dc711d566b34a"}
,"E:\\backend start\\final project\\product\\src\\validators\\product.validator.js": {"path":"E:\\backend start\\final project\\product\\src\\validators\\product.validator.js","statementMap":{"0":{"start":{"line":2,"column":35},"end":{"line":2,"column":63}},"1":{"start":{"line":4,"column":31},"end":{"line":24,"column":1}},"2":{"start":{"line":5,"column":17},"end":{"line":5,"column":38}},"3":{"start":{"line":6,"column":2},"end":{"line":22,"column":3}},"4":{"start":{"line":7,"column":26},"end":{"line":7,"column":71}},"5":{"start":{"line":7,"column":52},"end":{"line":7,"column":59}},"6":{"start":{"line":8,"column":18},"end":{"line":8,"column":36}},"7":{"start":{"line":9,"column":4},"end":{"line":13,"column":5}},"8":{"start":{"line":10,"column":6},"end":{"line":10,"column":30}},"9":{"start":{"line":11,"column":11},"end":{"line":13,"column":5}},"10":{"start":{"line":12,"column":6},"end":{"line":12,"column":30}},"11":{"start":{"line":14,"column":4},"end":{"line":21,"column":7}},"12":{"start":{"line":17,"column":43},"end":{"line":20,"column":7}},"13":{"start":{"line":23,"column":2},"end":{"line":23,"column":9}},"14":{"start":{"line":27,"column":30},"end":{"line":87,"column":1}},"15":{"start":{"line":46,"column":24},"end":{"line":46,"column":29}},"16":{"start":{"line":49,"column":6},"end":{"line":60,"column":7}},"17":{"start":{"line":50,"column":8},"end":{"line":59,"column":9}},"18":{"start":{"line":51,"column":10},"end":{"line":51,"column":42}},"19":{"start":{"line":54,"column":10},"end":{"line":56,"column":11}},"20":{"start":{"line":55,"column":12},"end":{"line":55,"column":52}},"21":{"start":{"line":58,"column":10},"end":{"line":58,"column":30}},"22":{"start":{"line":63,"column":6},"end":{"line":74,"column":7}},"23":{"start":{"line":64,"column":8},"end":{"line":66,"column":9}},"24":{"start":{"line":65,"column":10},"end":{"line":65,"column":54}},"25":{"start":{"line":67,"column":8},"end":{"line":69,"column":9}},"26":{"start":{"line":68,"column":10},"end":{"line":68,"column":68}},"27":{"start":{"line":70,"column":8},"end":{"line":72,"column":9}},"28":{"start":{"line":71,"column":10},"end":{"line":71,"column":63}},"29":{"start":{"line":73,"column":8},"end":{"line":73,"column":20}},"30":{"start":{"line":76,"column":6},"end":{"line":78,"column":7}},"31":{"start":{"line":77,"column":8},"end":{"line":77,"column":59}},"32":{"start":{"line":79,"column":6},"end":{"line":79,"column":18}},"33":{"start":{"line":90,"column":0},"end":{"line":93,"column":2}}},"fnMap":{"0":{"name":"(anonymous_0)","decl":{"start":{"line":4,"column":31},"end":{"line":4,"column":32}},"loc":{"start":{"line":4,"column":51},"end":{"line":24,"column":1}},"line":4},"1":{"name":"(anonymous_1)","decl":{"start":{"line":7,"column":45},"end":{"line":7,"column":46}},"loc":{"start":{"line":7,"column":52},"end":{"line":7,"column":59}},"line":7},"2":{"name":"(anonymous_2)","decl":{"start":{"line":17,"column":33},"end":{"line":17,"column":34}},"loc":{"start":{"line":17,"column":43},"end":{"line":20,"column":7}},"line":17},"3":{"name":"(anonymous_3)","decl":{"start":{"line":45,"column":12},"end":{"line":45,"column":13}},"loc":{"start":{"line":45,"column":23},"end":{"line":80,"column":5}},"line":45}},"branchMap":{"0":{"loc":{"start":{"line":6,"column":2},"end":{"line":22,"column":3}},"type":"if","locations":[{"start":{"line":6,"column":2},"end":{"line":22,"column":3}},{"start":{},"end":{}}],"line":6},"1":{"loc":{"start":{"line":9,"column":4},"end":{"line":13,"column":5}},"type":"if","locations":[{"start":{"line":9,"column":4},"end":{"line":13,"column":5}},{"start":{"line":11,"column":11},"end":{"line":13,"column":5}}],"line":9},"2":{"loc":{"start":{"line":11,"column":11},"end":{"line":13,"column":5}},"type":"if","locations":[{"start":{"line":11,"column":11},"end":{"line":13,"column":5}},{"start":{},"end":{}}],"line":11},"3":{"loc":{"start":{"line":49,"column":6},"end":{"line":60,"column":7}},"type":"if","locations":[{"start":{"line":49,"column":6},"end":{"line":60,"column":7}},{"start":{},"end":{}}],"line":49},"4":{"loc":{"start":{"line":54,"column":10},"end":{"line":56,"column":11}},"type":"if","locations":[{"start":{"line":54,"column":10},"end":{"line":56,"column":11}},{"start":{},"end":{}}],"line":54},"5":{"loc":{"start":{"line":63,"column":6},"end":{"line":74,"column":7}},"type":"if","locations":[{"start":{"line":63,"column":6},"end":{"line":74,"column":7}},{"start":{},"end":{}}],"line":63},"6":{"loc":{"start":{"line":63,"column":10},"end":{"line":63,"column":65}},"type":"binary-expr","locations":[{"start":{"line":63,"column":10},"end":{"line":63,"column":41}},{"start":{"line":63,"column":45},"end":{"line":63,"column":65}}],"line":63},"7":{"loc":{"start":{"line":64,"column":8},"end":{"line":66,"column":9}},"type":"if","locations":[{"start":{"line":64,"column":8},"end":{"line":66,"column":9}},{"start":{},"end":{}}],"line":64},"8":{"loc":{"start":{"line":64,"column":12},"end":{"line":64,"column":84}},"type":"binary-expr","locations":[{"start":{"line":64,"column":12},"end":{"line":64,"column":53}},{"start":{"line":64,"column":57},"end":{"line":64,"column":84}}],"line":64},"9":{"loc":{"start":{"line":67,"column":8},"end":{"line":69,"column":9}},"type":"if","locations":[{"start":{"line":67,"column":8},"end":{"line":69,"column":9}},{"start":{},"end":{}}],"line":67},"10":{"loc":{"start":{"line":67,"column":12},"end":{"line":67,"column":79}},"type":"binary-expr","locations":[{"start":{"line":67,"column":12},"end":{"line":67,"column":45}},{"start":{"line":67,"column":49},"end":{"line":67,"column":79}}],"line":67},"11":{"loc":{"start":{"line":70,"column":8},"end":{"line":72,"column":9}},"type":"if","locations":[{"start":{"line":70,"column":8},"end":{"line":72,"column":9}},{"start":{},"end":{}}],"line":70},"12":{"loc":{"start":{"line":70,"column":12},"end":{"line":70,"column":82}},"type":"binary-expr","locations":[{"start":{"line":70,"column":12},"end":{"line":70,"column":32}},{"start":{"line":70,"column":36},"end":{"line":70,"column":82}}],"line":70},"13":{"loc":{"start":{"line":76,"column":6},"end":{"line":78,"column":7}},"type":"if","locations":[{"start":{"line":76,"column":6},"end":{"line":78,"column":7}},{"start":{},"end":{}}],"line":76},"14":{"loc":{"start":{"line":76,"column":10},"end":{"line":76,"column":63}},"type":"binary-expr","locations":[{"start":{"line":76,"column":10},"end":{"line":76,"column":36}},{"start":{"line":76,"column":40},"end":{"line":76,"column":63}}],"line":76}},"s":{"0":1,"1":1,"2":9,"3":9,"4":5,"5":8,"6":5,"7":5,"8":3,"9":2,"10":1,"11":5,"12":8,"13":4,"14":1,"15":9,"16":9,"17":3,"18":3,"19":1,"20":1,"21":0,"22":8,"23":7,"24":1,"25":6,"26":0,"27":6,"28":1,"29":5,"30":1,"31":1,"32":0,"33":1},"f":{"0":9,"1":8,"2":8,"3":9},"b":{"0":[5,4],"1":[3,2],"2":[1,1],"3":[3,6],"4":[1,0],"5":[7,1],"6":[8,7],"7":[1,6],"8":[7,6],"9":[0,6],"10":[6,6],"11":[1,5],"12":[6,5],"13":[1,0],"14":[1,0]},"_coverageSchema":"1a1c01bbd47fc00a2c39e90264f33305004495a9","hash":"db92a0b4727e726ff8014f0cce9f751d99f69e22"}
}
