{"E:\\backend start\\final project\\product\\src\\app.js": {"path":"E:\\backend start\\final project\\product\\src\\app.js","statementMap":{"0":{"start":{"line":1,"column":16},"end":{"line":1,"column":34}},"1":{"start":{"line":2,"column":21},"end":{"line":2,"column":45}},"2":{"start":{"line":3,"column":28},"end":{"line":3,"column":57}},"3":{"start":{"line":4,"column":22},"end":{"line":4,"column":56}},"4":{"start":{"line":6,"column":12},"end":{"line":6,"column":21}},"5":{"start":{"line":7,"column":0},"end":{"line":7,"column":23}},"6":{"start":{"line":8,"column":0},"end":{"line":8,"column":23}},"7":{"start":{"line":11,"column":0},"end":{"line":11,"column":20}},"8":{"start":{"line":14,"column":0},"end":{"line":14,"column":39}},"9":{"start":{"line":16,"column":0},"end":{"line":16,"column":20}}},"fnMap":{},"branchMap":{},"s":{"0":1,"1":1,"2":1,"3":1,"4":1,"5":1,"6":1,"7":1,"8":1,"9":1},"f":{},"b":{},"_coverageSchema":"1a1c01bbd47fc00a2c39e90264f33305004495a9","hash":"819ddcaaeccecf96723017c5757c615d6a323221"}
,"E:\\backend start\\final project\\product\\src\\controller\\product.controller.js": {"path":"E:\\backend start\\final project\\product\\src\\controller\\product.controller.js","statementMap":{"0":{"start":{"line":2,"column":16},"end":{"line":2,"column":50}},"1":{"start":{"line":3,"column":17},"end":{"line":3,"column":36}},"2":{"start":{"line":4,"column":24},"end":{"line":4,"column":63}},"3":{"start":{"line":8,"column":4},"end":{"line":8,"column":41}},"4":{"start":{"line":12,"column":22},"end":{"line":85,"column":1}},"5":{"start":{"line":13,"column":2},"end":{"line":84,"column":3}},"6":{"start":{"line":14,"column":55},"end":{"line":14,"column":63}},"7":{"start":{"line":16,"column":19},"end":{"line":16,"column":30}},"8":{"start":{"line":19,"column":4},"end":{"line":25,"column":5}},"9":{"start":{"line":20,"column":6},"end":{"line":24,"column":7}},"10":{"start":{"line":21,"column":8},"end":{"line":21,"column":34}},"11":{"start":{"line":29,"column":4},"end":{"line":41,"column":5}},"12":{"start":{"line":31,"column":6},"end":{"line":34,"column":8}},"13":{"start":{"line":37,"column":6},"end":{"line":40,"column":8}},"14":{"start":{"line":44,"column":17},"end":{"line":54,"column":5}},"15":{"start":{"line":46,"column":29},"end":{"line":46,"column":75}},"16":{"start":{"line":48,"column":8},"end":{"line":52,"column":10}},"17":{"start":{"line":57,"column":20},"end":{"line":63,"column":6}},"18":{"start":{"line":65,"column":4},"end":{"line":69,"column":7}},"19":{"start":{"line":71,"column":4},"end":{"line":71,"column":52}},"20":{"start":{"line":73,"column":4},"end":{"line":79,"column":5}},"21":{"start":{"line":74,"column":21},"end":{"line":74,"column":72}},"22":{"start":{"line":74,"column":60},"end":{"line":74,"column":71}},"23":{"start":{"line":75,"column":6},"end":{"line":78,"column":9}},"24":{"start":{"line":80,"column":4},"end":{"line":83,"column":7}},"25":{"start":{"line":88,"column":23},"end":{"line":103,"column":1}},"26":{"start":{"line":89,"column":2},"end":{"line":102,"column":3}},"27":{"start":{"line":90,"column":21},"end":{"line":90,"column":41}},"28":{"start":{"line":91,"column":4},"end":{"line":95,"column":7}},"29":{"start":{"line":97,"column":4},"end":{"line":97,"column":48}},"30":{"start":{"line":98,"column":4},"end":{"line":101,"column":7}},"31":{"start":{"line":105,"column":20},"end":{"line":134,"column":1}},"32":{"start":{"line":107,"column":56},"end":{"line":107,"column":65}},"33":{"start":{"line":109,"column":17},"end":{"line":109,"column":19}},"34":{"start":{"line":111,"column":2},"end":{"line":116,"column":3}},"35":{"start":{"line":112,"column":4},"end":{"line":115,"column":6}},"36":{"start":{"line":117,"column":2},"end":{"line":119,"column":3}},"37":{"start":{"line":118,"column":4},"end":{"line":118,"column":81}},"38":{"start":{"line":120,"column":2},"end":{"line":122,"column":3}},"39":{"start":{"line":121,"column":4},"end":{"line":121,"column":81}},"40":{"start":{"line":123,"column":19},"end":{"line":126,"column":39}},"41":{"start":{"line":128,"column":4},"end":{"line":132,"column":7}},"42":{"start":{"line":138,"column":2},"end":{"line":161,"column":3}},"43":{"start":{"line":139,"column":19},"end":{"line":139,"column":29}},"44":{"start":{"line":141,"column":20},"end":{"line":141,"column":46}},"45":{"start":{"line":143,"column":4},"end":{"line":148,"column":5}},"46":{"start":{"line":144,"column":6},"end":{"line":147,"column":9}},"47":{"start":{"line":150,"column":4},"end":{"line":154,"column":7}},"48":{"start":{"line":157,"column":4},"end":{"line":160,"column":7}},"49":{"start":{"line":166,"column":2},"end":{"line":209,"column":3}},"50":{"start":{"line":167,"column":19},"end":{"line":167,"column":29}},"51":{"start":{"line":168,"column":4},"end":{"line":170,"column":5}},"52":{"start":{"line":169,"column":6},"end":{"line":169,"column":85}},"53":{"start":{"line":172,"column":20},"end":{"line":172,"column":46}},"54":{"start":{"line":173,"column":4},"end":{"line":175,"column":5}},"55":{"start":{"line":174,"column":6},"end":{"line":174,"column":84}},"56":{"start":{"line":177,"column":4},"end":{"line":179,"column":5}},"57":{"start":{"line":178,"column":6},"end":{"line":178,"column":78}},"58":{"start":{"line":181,"column":42},"end":{"line":181,"column":50}},"59":{"start":{"line":183,"column":4},"end":{"line":183,"column":37}},"60":{"start":{"line":183,"column":15},"end":{"line":183,"column":37}},"61":{"start":{"line":184,"column":4},"end":{"line":184,"column":55}},"62":{"start":{"line":184,"column":21},"end":{"line":184,"column":55}},"63":{"start":{"line":186,"column":4},"end":{"line":198,"column":5}},"64":{"start":{"line":187,"column":33},"end":{"line":187,"column":46}},"65":{"start":{"line":189,"column":6},"end":{"line":195,"column":7}},"66":{"start":{"line":190,"column":8},"end":{"line":190,"column":70}},"67":{"start":{"line":190,"column":40},"end":{"line":190,"column":70}},"68":{"start":{"line":191,"column":8},"end":{"line":191,"column":54}},"69":{"start":{"line":191,"column":28},"end":{"line":191,"column":54}},"70":{"start":{"line":193,"column":23},"end":{"line":193,"column":36}},"71":{"start":{"line":194,"column":8},"end":{"line":194,"column":44}},"72":{"start":{"line":194,"column":28},"end":{"line":194,"column":44}},"73":{"start":{"line":197,"column":6},"end":{"line":197,"column":43}},"74":{"start":{"line":200,"column":4},"end":{"line":200,"column":25}},"75":{"start":{"line":202,"column":4},"end":{"line":206,"column":7}},"76":{"start":{"line":208,"column":4},"end":{"line":208,"column":25}},"77":{"start":{"line":214,"column":2},"end":{"line":238,"column":3}},"78":{"start":{"line":215,"column":19},"end":{"line":215,"column":29}},"79":{"start":{"line":216,"column":4},"end":{"line":218,"column":5}},"80":{"start":{"line":217,"column":6},"end":{"line":217,"column":85}},"81":{"start":{"line":220,"column":20},"end":{"line":220,"column":46}},"82":{"start":{"line":221,"column":4},"end":{"line":223,"column":5}},"83":{"start":{"line":222,"column":6},"end":{"line":222,"column":84}},"84":{"start":{"line":225,"column":4},"end":{"line":227,"column":5}},"85":{"start":{"line":226,"column":6},"end":{"line":226,"column":115}},"86":{"start":{"line":229,"column":4},"end":{"line":229,"column":40}},"87":{"start":{"line":231,"column":4},"end":{"line":234,"column":7}},"88":{"start":{"line":236,"column":4},"end":{"line":236,"column":25}},"89":{"start":{"line":237,"column":4},"end":{"line":237,"column":89}},"90":{"start":{"line":243,"column":17},"end":{"line":243,"column":25}},"91":{"start":{"line":244,"column":35},"end":{"line":244,"column":44}},"92":{"start":{"line":246,"column":19},"end":{"line":246,"column":105}},"93":{"start":{"line":248,"column":2},"end":{"line":252,"column":4}},"94":{"start":{"line":257,"column":0},"end":{"line":265,"column":2}}},"fnMap":{"0":{"name":"(anonymous_0)","decl":{"start":{"line":12,"column":22},"end":{"line":12,"column":23}},"loc":{"start":{"line":12,"column":42},"end":{"line":85,"column":1}},"line":12},"1":{"name":"(anonymous_1)","decl":{"start":{"line":45,"column":28},"end":{"line":45,"column":29}},"loc":{"start":{"line":45,"column":44},"end":{"line":53,"column":7}},"line":45},"2":{"name":"(anonymous_2)","decl":{"start":{"line":74,"column":53},"end":{"line":74,"column":54}},"loc":{"start":{"line":74,"column":60},"end":{"line":74,"column":71}},"line":74},"3":{"name":"(anonymous_3)","decl":{"start":{"line":88,"column":23},"end":{"line":88,"column":24}},"loc":{"start":{"line":88,"column":43},"end":{"line":103,"column":1}},"line":88},"4":{"name":"(anonymous_4)","decl":{"start":{"line":105,"column":20},"end":{"line":105,"column":21}},"loc":{"start":{"line":105,"column":39},"end":{"line":134,"column":1}},"line":105},"5":{"name":"getProductById","decl":{"start":{"line":137,"column":15},"end":{"line":137,"column":29}},"loc":{"start":{"line":137,"column":40},"end":{"line":162,"column":1}},"line":137},"6":{"name":"updateProduct","decl":{"start":{"line":165,"column":15},"end":{"line":165,"column":28}},"loc":{"start":{"line":165,"column":39},"end":{"line":210,"column":1}},"line":165},"7":{"name":"deleteProduct","decl":{"start":{"line":213,"column":15},"end":{"line":213,"column":28}},"loc":{"start":{"line":213,"column":39},"end":{"line":239,"column":1}},"line":213},"8":{"name":"getProductsBySeller","decl":{"start":{"line":241,"column":15},"end":{"line":241,"column":34}},"loc":{"start":{"line":241,"column":44},"end":{"line":253,"column":1}},"line":241}},"branchMap":{"0":{"loc":{"start":{"line":19,"column":4},"end":{"line":25,"column":5}},"type":"if","locations":[{"start":{"line":19,"column":4},"end":{"line":25,"column":5}},{"start":{},"end":{}}],"line":19},"1":{"loc":{"start":{"line":29,"column":4},"end":{"line":41,"column":5}},"type":"if","locations":[{"start":{"line":29,"column":4},"end":{"line":41,"column":5}},{"start":{"line":35,"column":11},"end":{"line":41,"column":5}}],"line":29},"2":{"loc":{"start":{"line":29,"column":8},"end":{"line":29,"column":81}},"type":"binary-expr","locations":[{"start":{"line":29,"column":8},"end":{"line":29,"column":33}},{"start":{"line":29,"column":37},"end":{"line":29,"column":51}},{"start":{"line":29,"column":55},"end":{"line":29,"column":81}}],"line":29},"3":{"loc":{"start":{"line":33,"column":18},"end":{"line":33,"column":58}},"type":"binary-expr","locations":[{"start":{"line":33,"column":18},"end":{"line":33,"column":32}},{"start":{"line":33,"column":36},"end":{"line":33,"column":49}},{"start":{"line":33,"column":53},"end":{"line":33,"column":58}}],"line":33},"4":{"loc":{"start":{"line":39,"column":18},"end":{"line":39,"column":40}},"type":"binary-expr","locations":[{"start":{"line":39,"column":18},"end":{"line":39,"column":31}},{"start":{"line":39,"column":35},"end":{"line":39,"column":40}}],"line":39},"5":{"loc":{"start":{"line":45,"column":7},"end":{"line":45,"column":22}},"type":"binary-expr","locations":[{"start":{"line":45,"column":7},"end":{"line":45,"column":16}},{"start":{"line":45,"column":20},"end":{"line":45,"column":22}}],"line":45},"6":{"loc":{"start":{"line":73,"column":4},"end":{"line":79,"column":5}},"type":"if","locations":[{"start":{"line":73,"column":4},"end":{"line":79,"column":5}},{"start":{},"end":{}}],"line":73},"7":{"loc":{"start":{"line":107,"column":32},"end":{"line":107,"column":40}},"type":"default-arg","locations":[{"start":{"line":107,"column":39},"end":{"line":107,"column":40}}],"line":107},"8":{"loc":{"start":{"line":107,"column":42},"end":{"line":107,"column":52}},"type":"default-arg","locations":[{"start":{"line":107,"column":50},"end":{"line":107,"column":52}}],"line":107},"9":{"loc":{"start":{"line":111,"column":2},"end":{"line":116,"column":3}},"type":"if","locations":[{"start":{"line":111,"column":2},"end":{"line":116,"column":3}},{"start":{},"end":{}}],"line":111},"10":{"loc":{"start":{"line":117,"column":2},"end":{"line":119,"column":3}},"type":"if","locations":[{"start":{"line":117,"column":2},"end":{"line":119,"column":3}},{"start":{},"end":{}}],"line":117},"11":{"loc":{"start":{"line":120,"column":2},"end":{"line":122,"column":3}},"type":"if","locations":[{"start":{"line":120,"column":2},"end":{"line":122,"column":3}},{"start":{},"end":{}}],"line":120},"12":{"loc":{"start":{"line":143,"column":4},"end":{"line":148,"column":5}},"type":"if","locations":[{"start":{"line":143,"column":4},"end":{"line":148,"column":5}},{"start":{},"end":{}}],"line":143},"13":{"loc":{"start":{"line":168,"column":4},"end":{"line":170,"column":5}},"type":"if","locations":[{"start":{"line":168,"column":4},"end":{"line":170,"column":5}},{"start":{},"end":{}}],"line":168},"14":{"loc":{"start":{"line":173,"column":4},"end":{"line":175,"column":5}},"type":"if","locations":[{"start":{"line":173,"column":4},"end":{"line":175,"column":5}},{"start":{},"end":{}}],"line":173},"15":{"loc":{"start":{"line":177,"column":4},"end":{"line":179,"column":5}},"type":"if","locations":[{"start":{"line":177,"column":4},"end":{"line":179,"column":5}},{"start":{},"end":{}}],"line":177},"16":{"loc":{"start":{"line":183,"column":4},"end":{"line":183,"column":37}},"type":"if","locations":[{"start":{"line":183,"column":4},"end":{"line":183,"column":37}},{"start":{},"end":{}}],"line":183},"17":{"loc":{"start":{"line":184,"column":4},"end":{"line":184,"column":55}},"type":"if","locations":[{"start":{"line":184,"column":4},"end":{"line":184,"column":55}},{"start":{},"end":{}}],"line":184},"18":{"loc":{"start":{"line":186,"column":4},"end":{"line":198,"column":5}},"type":"if","locations":[{"start":{"line":186,"column":4},"end":{"line":198,"column":5}},{"start":{},"end":{}}],"line":186},"19":{"loc":{"start":{"line":189,"column":6},"end":{"line":195,"column":7}},"type":"if","locations":[{"start":{"line":189,"column":6},"end":{"line":195,"column":7}},{"start":{"line":192,"column":13},"end":{"line":195,"column":7}}],"line":189},"20":{"loc":{"start":{"line":190,"column":8},"end":{"line":190,"column":70}},"type":"if","locations":[{"start":{"line":190,"column":8},"end":{"line":190,"column":70}},{"start":{},"end":{}}],"line":190},"21":{"loc":{"start":{"line":191,"column":8},"end":{"line":191,"column":54}},"type":"if","locations":[{"start":{"line":191,"column":8},"end":{"line":191,"column":54}},{"start":{},"end":{}}],"line":191},"22":{"loc":{"start":{"line":194,"column":8},"end":{"line":194,"column":44}},"type":"if","locations":[{"start":{"line":194,"column":8},"end":{"line":194,"column":44}},{"start":{},"end":{}}],"line":194},"23":{"loc":{"start":{"line":216,"column":4},"end":{"line":218,"column":5}},"type":"if","locations":[{"start":{"line":216,"column":4},"end":{"line":218,"column":5}},{"start":{},"end":{}}],"line":216},"24":{"loc":{"start":{"line":221,"column":4},"end":{"line":223,"column":5}},"type":"if","locations":[{"start":{"line":221,"column":4},"end":{"line":223,"column":5}},{"start":{},"end":{}}],"line":221},"25":{"loc":{"start":{"line":225,"column":4},"end":{"line":227,"column":5}},"type":"if","locations":[{"start":{"line":225,"column":4},"end":{"line":227,"column":5}},{"start":{},"end":{}}],"line":225},"26":{"loc":{"start":{"line":244,"column":10},"end":{"line":244,"column":18}},"type":"default-arg","locations":[{"start":{"line":244,"column":17},"end":{"line":244,"column":18}}],"line":244},"27":{"loc":{"start":{"line":244,"column":20},"end":{"line":244,"column":30}},"type":"default-arg","locations":[{"start":{"line":244,"column":28},"end":{"line":244,"column":30}}],"line":244}},"s":{"0":1,"1":1,"2":1,"3":1,"4":1,"5":4,"6":4,"7":4,"8":4,"9":2,"10":2,"11":4,"12":4,"13":0,"14":4,"15":2,"16":2,"17":4,"18":4,"19":0,"20":0,"21":0,"22":0,"23":0,"24":0,"25":1,"26":0,"27":0,"28":0,"29":0,"30":0,"31":1,"32":7,"33":7,"34":7,"35":1,"36":7,"37":1,"38":7,"39":1,"40":7,"41":7,"42":3,"43":3,"44":3,"45":2,"46":1,"47":1,"48":1,"49":4,"50":4,"51":4,"52":1,"53":3,"54":3,"55":1,"56":2,"57":0,"58":2,"59":2,"60":1,"61":2,"62":1,"63":2,"64":1,"65":1,"66":1,"67":1,"68":1,"69":1,"70":0,"71":0,"72":0,"73":1,"74":2,"75":2,"76":0,"77":4,"78":4,"79":4,"80":1,"81":3,"82":3,"83":1,"84":2,"85":1,"86":1,"87":1,"88":0,"89":0,"90":2,"91":2,"92":2,"93":2,"94":1},"f":{"0":4,"1":2,"2":0,"3":0,"4":7,"5":3,"6":4,"7":4,"8":2},"b":{"0":[2,2],"1":[4,0],"2":[4,4,4],"3":[4,1,1],"4":[0,0],"5":[4,2],"6":[0,0],"7":[6],"8":[5],"9":[1,6],"10":[1,6],"11":[1,6],"12":[1,1],"13":[1,3],"14":[1,2],"15":[0,2],"16":[1,1],"17":[1,1],"18":[1,1],"19":[1,0],"20":[1,0],"21":[1,0],"22":[0,0],"23":[1,3],"24":[1,2],"25":[1,1],"26":[2],"27":[2]},"_coverageSchema":"1a1c01bbd47fc00a2c39e90264f33305004495a9","hash":"241094923405c5c1fd35ae6908327ac490103332"}
,"E:\\backend start\\final project\\product\\src\\models\\product.model.js": {"path":"E:\\backend start\\final project\\product\\src\\models\\product.model.js","statementMap":{"0":{"start":{"line":1,"column":17},"end":{"line":1,"column":36}},"1":{"start":{"line":3,"column":22},"end":{"line":33,"column":2}},"2":{"start":{"line":35,"column":0},"end":{"line":35,"column":60}},"3":{"start":{"line":37,"column":0},"end":{"line":37,"column":58}}},"fnMap":{},"branchMap":{},"s":{"0":1,"1":1,"2":1,"3":1},"f":{},"b":{},"_coverageSchema":"1a1c01bbd47fc00a2c39e90264f33305004495a9","hash":"4f7869c14e4def4c8d4727ef42fdace844f51a5f"}
,"E:\\backend start\\final project\\product\\src\\routes\\product.routes.js": {"path":"E:\\backend start\\final project\\product\\src\\routes\\product.routes.js","statementMap":{"0":{"start":{"line":2,"column":16},"end":{"line":2,"column":34}},"1":{"start":{"line":3,"column":26},"end":{"line":3,"column":69}},"2":{"start":{"line":4,"column":29},"end":{"line":4,"column":69}},"3":{"start":{"line":5,"column":34},"end":{"line":5,"column":76}},"4":{"start":{"line":6,"column":44},"end":{"line":6,"column":81}},"5":{"start":{"line":8,"column":15},"end":{"line":8,"column":31}},"6":{"start":{"line":12,"column":0},"end":{"line":19,"column":2}},"7":{"start":{"line":21,"column":0},"end":{"line":21,"column":47}},"8":{"start":{"line":26,"column":0},"end":{"line":26,"column":88}},"9":{"start":{"line":29,"column":0},"end":{"line":29,"column":89}},"10":{"start":{"line":32,"column":0},"end":{"line":32,"column":95}},"11":{"start":{"line":35,"column":0},"end":{"line":35,"column":53}},"12":{"start":{"line":37,"column":0},"end":{"line":37,"column":24}}},"fnMap":{},"branchMap":{},"s":{"0":1,"1":1,"2":1,"3":1,"4":1,"5":1,"6":1,"7":1,"8":1,"9":1,"10":1,"11":1,"12":1},"f":{},"b":{},"_coverageSchema":"1a1c01bbd47fc00a2c39e90264f33305004495a9","hash":"ed34e40dce1e75c159ea01eb0db018788dad1eff"}
,"E:\\backend start\\final project\\product\\src\\services\\imagekit.service.js": {"path":"E:\\backend start\\final project\\product\\src\\services\\imagekit.service.js","statementMap":{"0":{"start":{"line":1,"column":17},"end":{"line":1,"column":36}},"1":{"start":{"line":2,"column":0},"end":{"line":2,"column":27}},"2":{"start":{"line":3,"column":23},"end":{"line":3,"column":38}},"3":{"start":{"line":5,"column":17},"end":{"line":9,"column":2}},"4":{"start":{"line":12,"column":2},"end":{"line":16,"column":3}},"5":{"start":{"line":13,"column":4},"end":{"line":15,"column":6}},"6":{"start":{"line":18,"column":2},"end":{"line":33,"column":3}},"7":{"start":{"line":19,"column":19},"end":{"line":23,"column":6}},"8":{"start":{"line":25,"column":4},"end":{"line":29,"column":6}},"9":{"start":{"line":31,"column":4},"end":{"line":31,"column":51}},"10":{"start":{"line":32,"column":4},"end":{"line":32,"column":46}},"11":{"start":{"line":37,"column":17},"end":{"line":37,"column":29}},"12":{"start":{"line":38,"column":2},"end":{"line":42,"column":3}},"13":{"start":{"line":39,"column":4},"end":{"line":41,"column":6}},"14":{"start":{"line":44,"column":2},"end":{"line":50,"column":3}},"15":{"start":{"line":45,"column":4},"end":{"line":45,"column":36}},"16":{"start":{"line":46,"column":4},"end":{"line":46,"column":16}},"17":{"start":{"line":48,"column":4},"end":{"line":48,"column":51}},"18":{"start":{"line":49,"column":4},"end":{"line":49,"column":46}},"19":{"start":{"line":53,"column":0},"end":{"line":56,"column":2}}},"fnMap":{"0":{"name":"uploadImage","decl":{"start":{"line":11,"column":15},"end":{"line":11,"column":26}},"loc":{"start":{"line":11,"column":45},"end":{"line":34,"column":1}},"line":11},"1":{"name":"deleteImage","decl":{"start":{"line":36,"column":15},"end":{"line":36,"column":26}},"loc":{"start":{"line":36,"column":35},"end":{"line":51,"column":1}},"line":36}},"branchMap":{"0":{"loc":{"start":{"line":12,"column":2},"end":{"line":16,"column":3}},"type":"if","locations":[{"start":{"line":12,"column":2},"end":{"line":16,"column":3}},{"start":{},"end":{}}],"line":12},"1":{"loc":{"start":{"line":38,"column":2},"end":{"line":42,"column":3}},"type":"if","locations":[{"start":{"line":38,"column":2},"end":{"line":42,"column":3}},{"start":{},"end":{}}],"line":38}},"s":{"0":1,"1":1,"2":1,"3":1,"4":2,"5":0,"6":2,"7":2,"8":2,"9":0,"10":0,"11":0,"12":0,"13":0,"14":0,"15":0,"16":0,"17":0,"18":0,"19":1},"f":{"0":2,"1":0},"b":{"0":[0,2],"1":[0,0]},"_coverageSchema":"1a1c01bbd47fc00a2c39e90264f33305004495a9","hash":"ac1e8731649bc3edcc75d5cfef9efb39a6d01990"}
,"E:\\backend start\\final project\\product\\src\\services\\upload.service.js": {"path":"E:\\backend start\\final project\\product\\src\\services\\upload.service.js","statementMap":{"0":{"start":{"line":1,"column":15},"end":{"line":1,"column":32}},"1":{"start":{"line":4,"column":16},"end":{"line":4,"column":38}},"2":{"start":{"line":7,"column":19},"end":{"line":13,"column":1}},"3":{"start":{"line":8,"column":2},"end":{"line":12,"column":3}},"4":{"start":{"line":9,"column":4},"end":{"line":9,"column":19}},"5":{"start":{"line":11,"column":4},"end":{"line":11,"column":57}},"6":{"start":{"line":16,"column":15},"end":{"line":23,"column":2}},"7":{"start":{"line":26,"column":21},"end":{"line":26,"column":46}},"8":{"start":{"line":29,"column":26},"end":{"line":47,"column":1}},"9":{"start":{"line":30,"column":2},"end":{"line":40,"column":3}},"10":{"start":{"line":31,"column":4},"end":{"line":33,"column":5}},"11":{"start":{"line":32,"column":6},"end":{"line":32,"column":107}},"12":{"start":{"line":34,"column":4},"end":{"line":36,"column":5}},"13":{"start":{"line":35,"column":6},"end":{"line":35,"column":105}},"14":{"start":{"line":37,"column":4},"end":{"line":39,"column":5}},"15":{"start":{"line":38,"column":6},"end":{"line":38,"column":103}},"16":{"start":{"line":42,"column":2},"end":{"line":44,"column":3}},"17":{"start":{"line":43,"column":4},"end":{"line":43,"column":92}},"18":{"start":{"line":46,"column":2},"end":{"line":46,"column":14}},"19":{"start":{"line":49,"column":0},"end":{"line":52,"column":2}}},"fnMap":{"0":{"name":"(anonymous_0)","decl":{"start":{"line":7,"column":19},"end":{"line":7,"column":20}},"loc":{"start":{"line":7,"column":38},"end":{"line":13,"column":1}},"line":7},"1":{"name":"(anonymous_1)","decl":{"start":{"line":29,"column":26},"end":{"line":29,"column":27}},"loc":{"start":{"line":29,"column":53},"end":{"line":47,"column":1}},"line":29}},"branchMap":{"0":{"loc":{"start":{"line":8,"column":2},"end":{"line":12,"column":3}},"type":"if","locations":[{"start":{"line":8,"column":2},"end":{"line":12,"column":3}},{"start":{"line":10,"column":9},"end":{"line":12,"column":3}}],"line":8},"1":{"loc":{"start":{"line":30,"column":2},"end":{"line":40,"column":3}},"type":"if","locations":[{"start":{"line":30,"column":2},"end":{"line":40,"column":3}},{"start":{},"end":{}}],"line":30},"2":{"loc":{"start":{"line":31,"column":4},"end":{"line":33,"column":5}},"type":"if","locations":[{"start":{"line":31,"column":4},"end":{"line":33,"column":5}},{"start":{},"end":{}}],"line":31},"3":{"loc":{"start":{"line":34,"column":4},"end":{"line":36,"column":5}},"type":"if","locations":[{"start":{"line":34,"column":4},"end":{"line":36,"column":5}},{"start":{},"end":{}}],"line":34},"4":{"loc":{"start":{"line":37,"column":4},"end":{"line":39,"column":5}},"type":"if","locations":[{"start":{"line":37,"column":4},"end":{"line":39,"column":5}},{"start":{},"end":{}}],"line":37},"5":{"loc":{"start":{"line":42,"column":2},"end":{"line":44,"column":3}},"type":"if","locations":[{"start":{"line":42,"column":2},"end":{"line":44,"column":3}},{"start":{},"end":{}}],"line":42}},"s":{"0":1,"1":1,"2":1,"3":4,"4":3,"5":1,"6":1,"7":1,"8":1,"9":2,"10":1,"11":1,"12":0,"13":0,"14":0,"15":0,"16":1,"17":1,"18":0,"19":1},"f":{"0":4,"1":2},"b":{"0":[3,1],"1":[1,1],"2":[1,0],"3":[0,0],"4":[0,0],"5":[1,0]},"_coverageSchema":"1a1c01bbd47fc00a2c39e90264f33305004495a9","hash":"a81909f0e7fb5db8981af159f4c6ea26ba0025c0"}
,"E:\\backend start\\final project\\product\\src\\setup\\middleware.js": {"path":"E:\\backend start\\final project\\product\\src\\setup\\middleware.js","statementMap":{"0":{"start":{"line":1,"column":16},"end":{"line":1,"column":34}},"1":{"start":{"line":2,"column":21},"end":{"line":2,"column":45}},"2":{"start":{"line":4,"column":24},"end":{"line":19,"column":1}},"3":{"start":{"line":6,"column":2},"end":{"line":6,"column":26}},"4":{"start":{"line":7,"column":2},"end":{"line":7,"column":50}},"5":{"start":{"line":10,"column":2},"end":{"line":10,"column":26}},"6":{"start":{"line":13,"column":2},"end":{"line":18,"column":5}},"7":{"start":{"line":14,"column":4},"end":{"line":14,"column":51}},"8":{"start":{"line":15,"column":4},"end":{"line":15,"column":82}},"9":{"start":{"line":16,"column":4},"end":{"line":16,"column":112}},"10":{"start":{"line":17,"column":4},"end":{"line":17,"column":11}},"11":{"start":{"line":21,"column":0},"end":{"line":21,"column":37}}},"fnMap":{"0":{"name":"(anonymous_0)","decl":{"start":{"line":4,"column":24},"end":{"line":4,"column":25}},"loc":{"start":{"line":4,"column":33},"end":{"line":19,"column":1}},"line":4},"1":{"name":"(anonymous_1)","decl":{"start":{"line":13,"column":10},"end":{"line":13,"column":11}},"loc":{"start":{"line":13,"column":30},"end":{"line":18,"column":3}},"line":13}},"branchMap":{},"s":{"0":1,"1":1,"2":1,"3":1,"4":1,"5":1,"6":1,"7":31,"8":31,"9":31,"10":31,"11":1},"f":{"0":1,"1":31},"b":{},"_coverageSchema":"1a1c01bbd47fc00a2c39e90264f33305004495a9","hash":"a60fdc265e6c6498e92e78def47dc711d566b34a"}
,"E:\\backend start\\final project\\product\\src\\validators\\product.validator.js": {"path":"E:\\backend start\\final project\\product\\src\\validators\\product.validator.js","statementMap":{"0":{"start":{"line":2,"column":35},"end":{"line":2,"column":63}},"1":{"start":{"line":4,"column":31},"end":{"line":24,"column":1}},"2":{"start":{"line":5,"column":17},"end":{"line":5,"column":38}},"3":{"start":{"line":6,"column":2},"end":{"line":22,"column":3}},"4":{"start":{"line":7,"column":26},"end":{"line":7,"column":71}},"5":{"start":{"line":7,"column":52},"end":{"line":7,"column":59}},"6":{"start":{"line":8,"column":18},"end":{"line":8,"column":36}},"7":{"start":{"line":9,"column":4},"end":{"line":13,"column":5}},"8":{"start":{"line":10,"column":6},"end":{"line":10,"column":30}},"9":{"start":{"line":11,"column":11},"end":{"line":13,"column":5}},"10":{"start":{"line":12,"column":6},"end":{"line":12,"column":30}},"11":{"start":{"line":14,"column":4},"end":{"line":21,"column":7}},"12":{"start":{"line":17,"column":43},"end":{"line":20,"column":7}},"13":{"start":{"line":23,"column":2},"end":{"line":23,"column":9}},"14":{"start":{"line":27,"column":30},"end":{"line":87,"column":1}},"15":{"start":{"line":46,"column":24},"end":{"line":46,"column":29}},"16":{"start":{"line":49,"column":6},"end":{"line":60,"column":7}},"17":{"start":{"line":50,"column":8},"end":{"line":59,"column":9}},"18":{"start":{"line":51,"column":10},"end":{"line":51,"column":42}},"19":{"start":{"line":54,"column":10},"end":{"line":56,"column":11}},"20":{"start":{"line":55,"column":12},"end":{"line":55,"column":52}},"21":{"start":{"line":58,"column":10},"end":{"line":58,"column":30}},"22":{"start":{"line":63,"column":6},"end":{"line":74,"column":7}},"23":{"start":{"line":64,"column":8},"end":{"line":66,"column":9}},"24":{"start":{"line":65,"column":10},"end":{"line":65,"column":54}},"25":{"start":{"line":67,"column":8},"end":{"line":69,"column":9}},"26":{"start":{"line":68,"column":10},"end":{"line":68,"column":68}},"27":{"start":{"line":70,"column":8},"end":{"line":72,"column":9}},"28":{"start":{"line":71,"column":10},"end":{"line":71,"column":63}},"29":{"start":{"line":73,"column":8},"end":{"line":73,"column":20}},"30":{"start":{"line":76,"column":6},"end":{"line":78,"column":7}},"31":{"start":{"line":77,"column":8},"end":{"line":77,"column":59}},"32":{"start":{"line":79,"column":6},"end":{"line":79,"column":18}},"33":{"start":{"line":90,"column":0},"end":{"line":93,"column":2}}},"fnMap":{"0":{"name":"(anonymous_0)","decl":{"start":{"line":4,"column":31},"end":{"line":4,"column":32}},"loc":{"start":{"line":4,"column":51},"end":{"line":24,"column":1}},"line":4},"1":{"name":"(anonymous_1)","decl":{"start":{"line":7,"column":45},"end":{"line":7,"column":46}},"loc":{"start":{"line":7,"column":52},"end":{"line":7,"column":59}},"line":7},"2":{"name":"(anonymous_2)","decl":{"start":{"line":17,"column":33},"end":{"line":17,"column":34}},"loc":{"start":{"line":17,"column":43},"end":{"line":20,"column":7}},"line":17},"3":{"name":"(anonymous_3)","decl":{"start":{"line":45,"column":12},"end":{"line":45,"column":13}},"loc":{"start":{"line":45,"column":23},"end":{"line":80,"column":5}},"line":45}},"branchMap":{"0":{"loc":{"start":{"line":6,"column":2},"end":{"line":22,"column":3}},"type":"if","locations":[{"start":{"line":6,"column":2},"end":{"line":22,"column":3}},{"start":{},"end":{}}],"line":6},"1":{"loc":{"start":{"line":9,"column":4},"end":{"line":13,"column":5}},"type":"if","locations":[{"start":{"line":9,"column":4},"end":{"line":13,"column":5}},{"start":{"line":11,"column":11},"end":{"line":13,"column":5}}],"line":9},"2":{"loc":{"start":{"line":11,"column":11},"end":{"line":13,"column":5}},"type":"if","locations":[{"start":{"line":11,"column":11},"end":{"line":13,"column":5}},{"start":{},"end":{}}],"line":11},"3":{"loc":{"start":{"line":49,"column":6},"end":{"line":60,"column":7}},"type":"if","locations":[{"start":{"line":49,"column":6},"end":{"line":60,"column":7}},{"start":{},"end":{}}],"line":49},"4":{"loc":{"start":{"line":54,"column":10},"end":{"line":56,"column":11}},"type":"if","locations":[{"start":{"line":54,"column":10},"end":{"line":56,"column":11}},{"start":{},"end":{}}],"line":54},"5":{"loc":{"start":{"line":63,"column":6},"end":{"line":74,"column":7}},"type":"if","locations":[{"start":{"line":63,"column":6},"end":{"line":74,"column":7}},{"start":{},"end":{}}],"line":63},"6":{"loc":{"start":{"line":63,"column":10},"end":{"line":63,"column":65}},"type":"binary-expr","locations":[{"start":{"line":63,"column":10},"end":{"line":63,"column":41}},{"start":{"line":63,"column":45},"end":{"line":63,"column":65}}],"line":63},"7":{"loc":{"start":{"line":64,"column":8},"end":{"line":66,"column":9}},"type":"if","locations":[{"start":{"line":64,"column":8},"end":{"line":66,"column":9}},{"start":{},"end":{}}],"line":64},"8":{"loc":{"start":{"line":64,"column":12},"end":{"line":64,"column":84}},"type":"binary-expr","locations":[{"start":{"line":64,"column":12},"end":{"line":64,"column":53}},{"start":{"line":64,"column":57},"end":{"line":64,"column":84}}],"line":64},"9":{"loc":{"start":{"line":67,"column":8},"end":{"line":69,"column":9}},"type":"if","locations":[{"start":{"line":67,"column":8},"end":{"line":69,"column":9}},{"start":{},"end":{}}],"line":67},"10":{"loc":{"start":{"line":67,"column":12},"end":{"line":67,"column":79}},"type":"binary-expr","locations":[{"start":{"line":67,"column":12},"end":{"line":67,"column":45}},{"start":{"line":67,"column":49},"end":{"line":67,"column":79}}],"line":67},"11":{"loc":{"start":{"line":70,"column":8},"end":{"line":72,"column":9}},"type":"if","locations":[{"start":{"line":70,"column":8},"end":{"line":72,"column":9}},{"start":{},"end":{}}],"line":70},"12":{"loc":{"start":{"line":70,"column":12},"end":{"line":70,"column":82}},"type":"binary-expr","locations":[{"start":{"line":70,"column":12},"end":{"line":70,"column":32}},{"start":{"line":70,"column":36},"end":{"line":70,"column":82}}],"line":70},"13":{"loc":{"start":{"line":76,"column":6},"end":{"line":78,"column":7}},"type":"if","locations":[{"start":{"line":76,"column":6},"end":{"line":78,"column":7}},{"start":{},"end":{}}],"line":76},"14":{"loc":{"start":{"line":76,"column":10},"end":{"line":76,"column":63}},"type":"binary-expr","locations":[{"start":{"line":76,"column":10},"end":{"line":76,"column":36}},{"start":{"line":76,"column":40},"end":{"line":76,"column":63}}],"line":76}},"s":{"0":1,"1":1,"2":9,"3":9,"4":5,"5":8,"6":5,"7":5,"8":3,"9":2,"10":1,"11":5,"12":8,"13":4,"14":1,"15":9,"16":9,"17":3,"18":3,"19":1,"20":1,"21":0,"22":8,"23":7,"24":1,"25":6,"26":0,"27":6,"28":1,"29":5,"30":1,"31":1,"32":0,"33":1},"f":{"0":9,"1":8,"2":8,"3":9},"b":{"0":[5,4],"1":[3,2],"2":[1,1],"3":[3,6],"4":[1,0],"5":[7,1],"6":[8,7],"7":[1,6],"8":[7,6],"9":[0,6],"10":[6,6],"11":[1,5],"12":[6,5],"13":[1,0],"14":[1,0]},"_coverageSchema":"1a1c01bbd47fc00a2c39e90264f33305004495a9","hash":"db92a0b4727e726ff8014f0cce9f751d99f69e22"}
}
