TN:
SF:src\app.js
FNF:0
FNH:0
DA:1,1
DA:2,1
DA:3,1
DA:4,1
DA:6,1
DA:7,1
DA:8,1
DA:11,1
DA:14,1
DA:16,1
LF:10
LH:10
BRF:0
BRH:0
end_of_record
TN:
SF:src\controller\product.controller.js
FN:12,(anonymous_0)
FN:45,(anonymous_1)
FN:74,(anonymous_2)
FN:88,(anonymous_3)
FN:105,(anonymous_4)
FN:137,getProductById
FN:165,updateProduct
FN:213,deleteProduct
FN:241,getProductsBySeller
FNF:9
FNH:7
FNDA:4,(anonymous_0)
FNDA:2,(anonymous_1)
FNDA:0,(anonymous_2)
FNDA:0,(anonymous_3)
FNDA:7,(anonymous_4)
FNDA:3,getProductById
FNDA:4,updateProduct
FNDA:4,deleteProduct
FNDA:2,getProductsBySeller
DA:2,1
DA:3,1
DA:4,1
DA:8,1
DA:12,1
DA:13,4
DA:14,4
DA:16,4
DA:19,4
DA:20,2
DA:21,2
DA:29,4
DA:31,4
DA:37,0
DA:44,4
DA:46,2
DA:48,2
DA:57,4
DA:65,4
DA:71,0
DA:73,0
DA:74,0
DA:75,0
DA:80,0
DA:88,1
DA:89,0
DA:90,0
DA:91,0
DA:97,0
DA:98,0
DA:105,1
DA:107,7
DA:109,7
DA:111,7
DA:112,1
DA:117,7
DA:118,1
DA:120,7
DA:121,1
DA:123,7
DA:128,7
DA:138,3
DA:139,3
DA:141,3
DA:143,2
DA:144,1
DA:150,1
DA:157,1
DA:166,4
DA:167,4
DA:168,4
DA:169,1
DA:172,3
DA:173,3
DA:174,1
DA:177,2
DA:178,0
DA:181,2
DA:183,2
DA:184,2
DA:186,2
DA:187,1
DA:189,1
DA:190,1
DA:191,1
DA:193,0
DA:194,0
DA:197,1
DA:200,2
DA:202,2
DA:208,0
DA:214,4
DA:215,4
DA:216,4
DA:217,1
DA:220,3
DA:221,3
DA:222,1
DA:225,2
DA:226,1
DA:229,1
DA:231,1
DA:236,0
DA:237,0
DA:243,2
DA:244,2
DA:246,2
DA:248,2
DA:257,1
LF:89
LH:72
BRDA:19,0,0,2
BRDA:19,0,1,2
BRDA:29,1,0,4
BRDA:29,1,1,0
BRDA:29,2,0,4
BRDA:29,2,1,4
BRDA:29,2,2,4
BRDA:33,3,0,4
BRDA:33,3,1,1
BRDA:33,3,2,1
BRDA:39,4,0,0
BRDA:39,4,1,0
BRDA:45,5,0,4
BRDA:45,5,1,2
BRDA:73,6,0,0
BRDA:73,6,1,0
BRDA:107,7,0,6
BRDA:107,8,0,5
BRDA:111,9,0,1
BRDA:111,9,1,6
BRDA:117,10,0,1
BRDA:117,10,1,6
BRDA:120,11,0,1
BRDA:120,11,1,6
BRDA:143,12,0,1
BRDA:143,12,1,1
BRDA:168,13,0,1
BRDA:168,13,1,3
BRDA:173,14,0,1
BRDA:173,14,1,2
BRDA:177,15,0,0
BRDA:177,15,1,2
BRDA:183,16,0,1
BRDA:183,16,1,1
BRDA:184,17,0,1
BRDA:184,17,1,1
BRDA:186,18,0,1
BRDA:186,18,1,1
BRDA:189,19,0,1
BRDA:189,19,1,0
BRDA:190,20,0,1
BRDA:190,20,1,0
BRDA:191,21,0,1
BRDA:191,21,1,0
BRDA:194,22,0,0
BRDA:194,22,1,0
BRDA:216,23,0,1
BRDA:216,23,1,3
BRDA:221,24,0,1
BRDA:221,24,1,2
BRDA:225,25,0,1
BRDA:225,25,1,1
BRDA:244,26,0,2
BRDA:244,27,0,2
BRF:54
BRH:43
end_of_record
TN:
SF:src\models\product.model.js
FNF:0
FNH:0
DA:1,1
DA:3,1
DA:35,1
DA:37,1
LF:4
LH:4
BRF:0
BRH:0
end_of_record
TN:
SF:src\routes\product.routes.js
FNF:0
FNH:0
DA:2,1
DA:3,1
DA:4,1
DA:5,1
DA:6,1
DA:8,1
DA:12,1
DA:21,1
DA:26,1
DA:29,1
DA:32,1
DA:35,1
DA:37,1
LF:13
LH:13
BRF:0
BRH:0
end_of_record
TN:
SF:src\services\imagekit.service.js
FN:11,uploadImage
FN:36,deleteImage
FNF:2
FNH:1
FNDA:2,uploadImage
FNDA:0,deleteImage
DA:1,1
DA:2,1
DA:3,1
DA:5,1
DA:12,2
DA:13,0
DA:18,2
DA:19,2
DA:25,2
DA:31,0
DA:32,0
DA:37,0
DA:38,0
DA:39,0
DA:44,0
DA:45,0
DA:46,0
DA:48,0
DA:49,0
DA:53,1
LF:20
LH:9
BRDA:12,0,0,0
BRDA:12,0,1,2
BRDA:38,1,0,0
BRDA:38,1,1,0
BRF:4
BRH:1
end_of_record
TN:
SF:src\services\upload.service.js
FN:7,(anonymous_0)
FN:29,(anonymous_1)
FNF:2
FNH:2
FNDA:4,(anonymous_0)
FNDA:2,(anonymous_1)
DA:1,1
DA:4,1
DA:7,1
DA:8,4
DA:9,3
DA:11,1
DA:16,1
DA:26,1
DA:29,1
DA:30,2
DA:31,1
DA:32,1
DA:34,0
DA:35,0
DA:37,0
DA:38,0
DA:42,1
DA:43,1
DA:46,0
DA:49,1
LF:20
LH:15
BRDA:8,0,0,3
BRDA:8,0,1,1
BRDA:30,1,0,1
BRDA:30,1,1,1
BRDA:31,2,0,1
BRDA:31,2,1,0
BRDA:34,3,0,0
BRDA:34,3,1,0
BRDA:37,4,0,0
BRDA:37,4,1,0
BRDA:42,5,0,1
BRDA:42,5,1,0
BRF:12
BRH:6
end_of_record
TN:
SF:src\setup\middleware.js
FN:4,(anonymous_0)
FN:13,(anonymous_1)
FNF:2
FNH:2
FNDA:1,(anonymous_0)
FNDA:31,(anonymous_1)
DA:1,1
DA:2,1
DA:4,1
DA:6,1
DA:7,1
DA:10,1
DA:13,1
DA:14,31
DA:15,31
DA:16,31
DA:17,31
DA:21,1
LF:12
LH:12
BRF:0
BRH:0
end_of_record
TN:
SF:src\validators\product.validator.js
FN:4,(anonymous_0)
FN:7,(anonymous_1)
FN:17,(anonymous_2)
FN:45,(anonymous_3)
FNF:4
FNH:4
FNDA:9,(anonymous_0)
FNDA:8,(anonymous_1)
FNDA:8,(anonymous_2)
FNDA:9,(anonymous_3)
DA:2,1
DA:4,1
DA:5,9
DA:6,9
DA:7,8
DA:8,5
DA:9,5
DA:10,3
DA:11,2
DA:12,1
DA:14,5
DA:17,8
DA:23,4
DA:27,1
DA:46,9
DA:49,9
DA:50,3
DA:51,3
DA:54,1
DA:55,1
DA:58,0
DA:63,8
DA:64,7
DA:65,1
DA:67,6
DA:68,0
DA:70,6
DA:71,1
DA:73,5
DA:76,1
DA:77,1
DA:79,0
DA:90,1
LF:33
LH:30
BRDA:6,0,0,5
BRDA:6,0,1,4
BRDA:9,1,0,3
BRDA:9,1,1,2
BRDA:11,2,0,1
BRDA:11,2,1,1
BRDA:49,3,0,3
BRDA:49,3,1,6
BRDA:54,4,0,1
BRDA:54,4,1,0
BRDA:63,5,0,7
BRDA:63,5,1,1
BRDA:63,6,0,8
BRDA:63,6,1,7
BRDA:64,7,0,1
BRDA:64,7,1,6
BRDA:64,8,0,7
BRDA:64,8,1,6
BRDA:67,9,0,0
BRDA:67,9,1,6
BRDA:67,10,0,6
BRDA:67,10,1,6
BRDA:70,11,0,1
BRDA:70,11,1,5
BRDA:70,12,0,6
BRDA:70,12,1,5
BRDA:76,13,0,1
BRDA:76,13,1,0
BRDA:76,14,0,1
BRDA:76,14,1,0
BRF:30
BRH:26
end_of_record
